2026-02-10 14:30:09,960 - utils - INFO - Logging initialized at INFO level
2026-02-10 14:30:09,961 - __main__ - INFO - Starting CuKEM quick demo
2026-02-10 14:30:12,619 - qiskit.passmanager.base_tasks - INFO - Pass: UnrollCustomDefinitions - 0.99206 (ms)
2026-02-10 14:30:12,621 - qiskit.passmanager.base_tasks - INFO - Pass: BasisTranslator - 1.99151 (ms)
2026-02-10 14:30:13,361 - bb84_simulator - INFO - Initialized BB84 simulator with 256 qubits
2026-02-10 14:30:13,361 - __main__ - INFO - Initialized BB84 simulator with 256 qubits
2026-02-10 14:30:13,361 - __main__ - INFO - Executing BB84 protocol (no noise)...
2026-02-10 14:30:13,362 - bb84_simulator - INFO - Starting BB84 protocol with 256 qubits, noise=0.0
2026-02-10 14:30:13,592 - bb84_simulator - INFO - QBER: 0.0000 (0/24 errors)
2026-02-10 14:30:13,592 - bb84_simulator - INFO - BB84 protocol completed successfully: 15 bytes, QBER=0.0000
2026-02-10 14:30:13,597 - __main__ - INFO -   Generated key: 15 bytes
2026-02-10 14:30:13,597 - __main__ - INFO -   Sifted key length: 124 qubits
2026-02-10 14:30:13,597 - __main__ - INFO -   QBER: 0.0000
2026-02-10 14:30:13,597 - __main__ - INFO -   Sifting efficiency: 48.44%
2026-02-10 14:30:13,603 - entropy_estimator - INFO - Initialized entropy estimator (threshold: 0.8)
2026-02-10 14:30:13,603 - __main__ - INFO - Initialized entropy estimator
2026-02-10 14:30:13,604 - bb84_simulator - INFO - Initialized BB84 simulator with 256 qubits
2026-02-10 14:30:13,604 - bb84_simulator - INFO - Starting BB84 protocol with 256 qubits, noise=0.0
2026-02-10 14:30:13,828 - bb84_simulator - INFO - QBER: 0.0000 (0/21 errors)
2026-02-10 14:30:13,828 - bb84_simulator - INFO - BB84 protocol completed successfully: 13 bytes, QBER=0.0000
2026-02-10 14:30:13,828 - __main__ - INFO - Analyzing entropy of 13 bytes...
2026-02-10 14:30:13,832 - __main__ - ERROR - Demo failed: name 'Optional' is not defined
2026-02-10 14:30:13,864 - privacy_amplification - INFO - Initialized privacy amplifier (security: 256 bits)
2026-02-10 14:30:13,864 - __main__ - INFO - Initialized privacy amplifier
2026-02-10 14:30:13,866 - bb84_simulator - INFO - Initialized BB84 simulator with 256 qubits
2026-02-10 14:30:13,866 - bb84_simulator - INFO - Starting BB84 protocol with 256 qubits, noise=0.0
2026-02-10 14:30:14,079 - bb84_simulator - INFO - QBER: 0.0000 (0/26 errors)
2026-02-10 14:30:14,079 - bb84_simulator - INFO - BB84 protocol completed successfully: 16 bytes, QBER=0.0000
2026-02-10 14:30:14,079 - __main__ - INFO - Amplifying key (16 bytes)...
2026-02-10 14:30:14,106 - __main__ - INFO -   Input: 16 bytes
2026-02-10 14:30:14,106 - __main__ - INFO -   Output: 32 bytes
2026-02-10 14:30:14,107 - __main__ - INFO -   Compression ratio: 0.50
2026-02-10 14:30:14,107 - __main__ - INFO -   Fingerprint: 63aeed9818456c5d9f0d9b4ef8eaf124...
2026-02-10 14:30:14,113 - circuit_breaker - INFO - Initialized circuit breaker: demo_breaker
2026-02-10 14:30:14,113 - __main__ - INFO - Initialized circuit breaker
2026-02-10 14:30:14,125 - __main__ - ERROR - Demo failed: 'state'
2026-02-10 14:30:14,127 - __main__ - INFO - Demo complete: 2/5 passed
2026-02-10 15:22:47,760 - utils - INFO - Logging initialized at INFO level
2026-02-10 15:22:47,760 - __main__ - INFO - Starting CuKEM quick demo
2026-02-10 15:22:48,500 - qiskit.passmanager.base_tasks - INFO - Pass: UnrollCustomDefinitions - 0.00000 (ms)
2026-02-10 15:22:48,500 - qiskit.passmanager.base_tasks - INFO - Pass: BasisTranslator - 0.00000 (ms)
2026-02-10 15:22:48,555 - bb84_simulator - INFO - Initialized BB84 simulator with 256 qubits
2026-02-10 15:22:48,556 - __main__ - INFO - Initialized BB84 simulator with 256 qubits
2026-02-10 15:22:48,556 - __main__ - INFO - Executing BB84 protocol (no noise)...
2026-02-10 15:22:48,556 - bb84_simulator - INFO - Starting BB84 protocol with 256 qubits, noise=0.0
2026-02-10 15:22:48,745 - bb84_simulator - INFO - QBER: 0.0000 (0/22 errors)
2026-02-10 15:22:48,746 - bb84_simulator - INFO - BB84 protocol completed successfully: 14 bytes, QBER=0.0000
2026-02-10 15:22:48,746 - __main__ - INFO - [OK] BB84 protocol successful
2026-02-10 15:22:48,746 - __main__ - INFO -   Generated key: 14 bytes
2026-02-10 15:22:48,746 - __main__ - INFO -   Sifted key length: 113 qubits
2026-02-10 15:22:48,746 - __main__ - INFO -   QBER: 0.0000
2026-02-10 15:22:48,746 - __main__ - INFO -   Sifting efficiency: 44.14%
2026-02-10 15:22:48,747 - entropy_estimator - INFO - Initialized entropy estimator (threshold: 0.8)
2026-02-10 15:22:48,747 - __main__ - INFO - Initialized entropy estimator
2026-02-10 15:22:48,747 - bb84_simulator - INFO - Initialized BB84 simulator with 2048 qubits
2026-02-10 15:22:48,747 - bb84_simulator - INFO - Starting BB84 protocol with 2048 qubits, noise=0.0
2026-02-10 15:22:50,073 - bb84_simulator - INFO - QBER: 0.0000 (0/201 errors)
2026-02-10 15:22:50,073 - bb84_simulator - INFO - BB84 protocol completed successfully: 126 bytes, QBER=0.0000
2026-02-10 15:22:50,073 - __main__ - INFO - Analyzing entropy of 126 bytes...
2026-02-10 15:22:50,073 - entropy_estimator - INFO - Analyzing 1008 bits from 126 bytes
2026-02-10 15:22:50,115 - entropy_estimator - WARNING - Entropy insufficient: 0.0000 < 0.8000
2026-02-10 15:22:50,115 - __main__ - INFO - [OK] Entropy estimation complete
2026-02-10 15:22:50,115 - __main__ - INFO -   Min-entropy: 0.0000 bits/symbol
2026-02-10 15:22:50,115 - __main__ - INFO -   Shannon entropy: 0.9989
2026-02-10 15:22:50,115 - __main__ - INFO -   MCV estimate: 0.9439
2026-02-10 15:22:50,115 - __main__ - INFO -   Collision estimate: 0.0000
2026-02-10 15:22:50,115 - __main__ - INFO -   Sufficient: No
2026-02-10 15:22:50,116 - chsh_bell_test - INFO - Initialized CHSH Bell test with 8192 shots
2026-02-10 15:22:50,116 - __main__ - INFO - Initialized CHSH Bell test
2026-02-10 15:22:50,116 - __main__ - INFO - Running CHSH test...
2026-02-10 15:22:50,116 - chsh_bell_test - INFO - Starting CHSH Bell test
2026-02-10 15:22:50,192 - chsh_bell_test - WARNING - CHSH test inconclusive: S = 0.0203
2026-02-10 15:22:50,192 - __main__ - INFO - ✓ CHSH test complete
2026-02-10 15:22:50,192 - __main__ - INFO -   CHSH value: 0.0203
2026-02-10 15:22:50,192 - __main__ - INFO -   Classical bound: 2.0
2026-02-10 15:22:50,192 - __main__ - INFO -   Quantum bound: 2.828
2026-02-10 15:22:50,192 - __main__ - INFO -   Violation detected: False
2026-02-10 15:22:50,194 - __main__ - INFO -   Correlations:
2026-02-10 15:22:50,194 - __main__ - INFO -     E(a,b): -0.0037
2026-02-10 15:22:50,194 - __main__ - INFO -     E(a,b_prime): -0.0103
2026-02-10 15:22:50,194 - __main__ - INFO -     E(a_prime,b): 0.0166
2026-02-10 15:22:50,194 - __main__ - INFO -     E(a_prime,b_prime): -0.0029
2026-02-10 15:22:50,194 - privacy_amplification - INFO - Initialized privacy amplifier (security: 256 bits)
2026-02-10 15:22:50,194 - __main__ - INFO - Initialized privacy amplifier
2026-02-10 15:22:50,194 - bb84_simulator - INFO - Initialized BB84 simulator with 256 qubits
2026-02-10 15:22:50,196 - bb84_simulator - INFO - Starting BB84 protocol with 256 qubits, noise=0.0
2026-02-10 15:22:50,369 - bb84_simulator - INFO - QBER: 0.0000 (0/30 errors)
2026-02-10 15:22:50,369 - bb84_simulator - INFO - BB84 protocol completed successfully: 18 bytes, QBER=0.0000
2026-02-10 15:22:50,369 - __main__ - INFO - Amplifying key (18 bytes)...
2026-02-10 15:22:50,370 - privacy_amplification - INFO - Privacy amplification: 18 → 32 bytes (ratio: 0.56)
2026-02-10 15:22:50,370 - __main__ - INFO - ✓ Privacy amplification successful
2026-02-10 15:22:50,370 - __main__ - INFO -   Input: 18 bytes
2026-02-10 15:22:50,370 - __main__ - INFO -   Output: 32 bytes
2026-02-10 15:22:50,370 - __main__ - INFO -   Compression ratio: 0.56
2026-02-10 15:22:50,370 - __main__ - INFO -   Fingerprint: 7b5c854d1e0657887adeed1458c1a285...
2026-02-10 15:22:50,372 - circuit_breaker - INFO - Initialized circuit breaker: demo_breaker
2026-02-10 15:22:50,373 - __main__ - INFO - Initialized circuit breaker
2026-02-10 15:22:50,373 - __main__ - WARNING -   Attempt 1: [FAIL] Simulated failure
2026-02-10 15:22:50,373 - __main__ - WARNING -   Attempt 2: [FAIL] Simulated failure
2026-02-10 15:22:50,373 - __main__ - INFO -   Attempt 3: [OK] Success on call 3
2026-02-10 15:22:50,373 - __main__ - INFO -   Attempt 4: [OK] Success on call 4
2026-02-10 15:22:50,373 - __main__ - INFO -   Attempt 5: [OK] Success on call 5
2026-02-10 15:22:50,373 - __main__ - INFO - [OK] Circuit breaker demo complete
2026-02-10 15:22:50,373 - __main__ - INFO -   State: closed
2026-02-10 15:22:50,373 - __main__ - INFO -   Total calls: 5
2026-02-10 15:22:50,373 - __main__ - INFO - Demo complete: 3/5 passed
