2026-02-10 15:15:02,288 - utils - INFO - Logging initialized at INFO level
2026-02-10 15:15:02,288 - __main__ - INFO - Starting CuKEM demonstration suite
2026-02-10 15:15:02,288 - pqc_kem - INFO - Initialized Kyber768 KEM
2026-02-10 15:15:02,304 - __main__ - INFO - Initialized ML-KEM-768
2026-02-10 15:15:02,304 - pqc_kem - INFO - Generated Kyber768 keypair
2026-02-10 15:15:02,307 - __main__ - INFO - Generated responder keypair
2026-02-10 15:15:02,307 - __main__ - INFO -   Public key size: 1184 bytes
2026-02-10 15:15:02,307 - __main__ - INFO -   Secret key size: 2400 bytes
2026-02-10 15:15:02,307 - pqc_kem - INFO - Encapsulation successful, fingerprint: b96d0344f32a8e1b
2026-02-10 15:15:02,307 - __main__ - INFO -   Ciphertext size: 1088 bytes
2026-02-10 15:15:02,307 - __main__ - INFO -   Shared secret size: 32 bytes
2026-02-10 15:15:02,307 - __main__ - INFO -   Fingerprint: b96d0344f32a8e1b
2026-02-10 15:15:02,307 - pqc_kem - INFO - Decapsulation successful, fingerprint: b96d0344f32a8e1b
2026-02-10 15:15:02,314 - bb84_simulator - INFO - Initialized BB84 simulator with 256 qubits
2026-02-10 15:15:02,314 - __main__ - INFO - Initialized BB84 simulator with 256 qubits
2026-02-10 15:15:02,314 - __main__ - INFO - Executing BB84 protocol (no noise)...
2026-02-10 15:15:02,314 - bb84_simulator - INFO - Starting BB84 protocol with 256 qubits, noise=0.0
2026-02-10 15:15:02,586 - bb84_simulator - INFO - QBER: 0.0000 (0/26 errors)
2026-02-10 15:15:02,586 - bb84_simulator - INFO - BB84 protocol completed successfully: 16 bytes, QBER=0.0000
2026-02-10 15:15:02,586 - __main__ - INFO -   Generated key: 16 bytes
2026-02-10 15:15:02,586 - __main__ - INFO -   Sifted key length: 132 qubits
2026-02-10 15:15:02,586 - __main__ - INFO -   QBER: 0.0000
2026-02-10 15:15:02,586 - __main__ - INFO -   Sifting efficiency: 51.56%
2026-02-10 15:15:02,586 - entropy_estimator - INFO - Initialized entropy estimator (threshold: 0.8)
2026-02-10 15:15:02,586 - __main__ - INFO - Initialized entropy estimator
2026-02-10 15:15:02,586 - bb84_simulator - INFO - Initialized BB84 simulator with 256 qubits
2026-02-10 15:15:02,586 - bb84_simulator - INFO - Starting BB84 protocol with 256 qubits, noise=0.0
2026-02-10 15:15:02,856 - bb84_simulator - INFO - QBER: 0.0000 (0/26 errors)
2026-02-10 15:15:02,857 - bb84_simulator - INFO - BB84 protocol completed successfully: 16 bytes, QBER=0.0000
2026-02-10 15:15:02,857 - __main__ - INFO - Analyzing entropy of 16 bytes...
2026-02-10 15:15:02,858 - pqc_kem - INFO - Initialized Kyber768 KEM
2026-02-10 15:15:02,858 - bb84_simulator - INFO - Initialized BB84 simulator with 256 qubits
2026-02-10 15:15:02,858 - chsh_bell_test - INFO - Initialized CHSH Bell test with 8192 shots
2026-02-10 15:15:02,858 - entropy_estimator - INFO - Initialized entropy estimator (threshold: 0.8)
2026-02-10 15:15:02,858 - privacy_amplification - INFO - Initialized privacy amplifier (security: 256 bits)
2026-02-10 15:15:02,858 - hkdf_combiner - INFO - Initialized HKDF combiner with sha256
2026-02-10 15:15:02,858 - cukem - INFO - Initialized CuKEM in hybrid mode
2026-02-10 15:15:02,858 - __main__ - INFO - Initialized CuKEM in HYBRID mode
2026-02-10 15:15:02,859 - pqc_kem - INFO - Generated Kyber768 keypair
2026-02-10 15:15:02,859 - __main__ - INFO - Responder generated keypair
2026-02-10 15:15:02,859 - __main__ - INFO - Initiator performing key exchange...
2026-02-10 15:15:02,859 - cukem - INFO - === CuKEM Key Exchange: INITIATOR ===
2026-02-10 15:15:02,860 - cukem - INFO - Performing PQC encapsulation
2026-02-10 15:15:02,860 - pqc_kem - INFO - Encapsulation successful, fingerprint: 406e3a5749fee3f3
2026-02-10 15:15:02,860 - cukem - INFO - Executing BB84 protocol
2026-02-10 15:15:02,860 - bb84_simulator - INFO - Starting BB84 protocol with 256 qubits, noise=0.0
2026-02-10 15:15:03,105 - bb84_simulator - INFO - QBER: 0.0000 (0/26 errors)
2026-02-10 15:15:03,105 - bb84_simulator - INFO - BB84 protocol completed successfully: 16 bytes, QBER=0.0000
2026-02-10 15:15:03,105 - cukem - INFO - Validating quantum key entropy
2026-02-10 15:15:03,105 - cukem - WARNING - Insufficient entropy: 0.0000
2026-02-10 15:15:03,105 - cukem - INFO - Applying privacy amplification
2026-02-10 15:15:03,105 - privacy_amplification - WARNING - Insufficient entropy for privacy amplification
2026-02-10 15:15:03,105 - cukem - ERROR - Privacy amplification failed: Insufficient entropy for secure amplification
2026-02-10 15:15:03,105 - cukem - WARNING - Quantum channel establishment failed
2026-02-10 15:15:03,105 - cukem - WARNING - Falling back to PQC-only mode
2026-02-10 15:15:03,105 - cukem - INFO - === Key Exchange Complete: 32 bytes ===
2026-02-10 15:15:03,105 - __main__ - INFO -   Mode: hybrid
2026-02-10 15:15:03,105 - __main__ - INFO -   Key length: 32 bytes
2026-02-10 15:15:03,105 - __main__ - INFO -   Fallback used: True
2026-02-10 15:15:03,105 - __main__ - WARNING -   Warnings: ['QKD failed - using PQC only']
2026-02-10 15:15:03,105 - adaptive_controller - INFO - Initialized adaptive controller
2026-02-10 15:15:03,105 - __main__ - INFO - Initialized adaptive controller
2026-02-10 15:15:03,105 - __main__ - INFO - Initializing CuKEM system...
2026-02-10 15:15:03,105 - transitions.core - INFO - Finished processing state idle exit callbacks.
2026-02-10 15:15:03,105 - transitions.core - INFO - Finished processing state initializing enter callbacks.
2026-02-10 15:15:03,105 - adaptive_controller - INFO - State changed to: initializing
2026-02-10 15:15:03,105 - transitions.core - INFO - Executed callback '_on_state_change'
2026-02-10 15:15:03,105 - adaptive_controller - INFO - Initializing CuKEM system
2026-02-10 15:15:03,105 - pqc_kem - INFO - Initialized Kyber768 KEM
2026-02-10 15:15:03,105 - bb84_simulator - INFO - Initialized BB84 simulator with 256 qubits
2026-02-10 15:15:03,105 - chsh_bell_test - INFO - Initialized CHSH Bell test with 8192 shots
2026-02-10 15:15:03,105 - entropy_estimator - INFO - Initialized entropy estimator (threshold: 0.8)
2026-02-10 15:15:03,105 - privacy_amplification - INFO - Initialized privacy amplifier (security: 256 bits)
2026-02-10 15:15:03,105 - hkdf_combiner - INFO - Initialized HKDF combiner with sha256
2026-02-10 15:15:03,105 - cukem - INFO - Initialized CuKEM in hybrid mode
2026-02-10 15:15:03,120 - transitions.core - INFO - Finished processing state initializing exit callbacks.
2026-02-10 15:15:03,120 - transitions.core - INFO - Finished processing state hybrid_active enter callbacks.
2026-02-10 15:15:03,120 - adaptive_controller - INFO - State changed to: hybrid_active
2026-02-10 15:15:03,120 - transitions.core - INFO - Executed callback '_on_state_change'
2026-02-10 15:15:03,122 - __main__ - INFO - Performing key exchange...
2026-02-10 15:15:03,122 - pqc_kem - INFO - Generated Kyber768 keypair
2026-02-10 15:15:03,122 - cukem - INFO - === CuKEM Key Exchange: INITIATOR ===
2026-02-10 15:15:03,122 - cukem - INFO - Performing PQC encapsulation
2026-02-10 15:15:03,123 - pqc_kem - INFO - Encapsulation successful, fingerprint: 88f1dbea657fe32a
2026-02-10 15:15:03,123 - cukem - INFO - Performing CHSH entanglement verification
2026-02-10 15:15:03,123 - chsh_bell_test - INFO - Starting CHSH Bell test
2026-02-10 15:15:03,202 - chsh_bell_test - WARNING - CHSH test inconclusive: S = -0.0063
2026-02-10 15:15:03,202 - cukem - WARNING - CHSH verification failed - quantum channel may be compromised
2026-02-10 15:15:03,202 - cukem - INFO - Executing BB84 protocol
2026-02-10 15:15:03,202 - bb84_simulator - INFO - Starting BB84 protocol with 256 qubits, noise=0.0
2026-02-10 15:15:03,442 - bb84_simulator - INFO - QBER: 0.0000 (0/27 errors)
2026-02-10 15:15:03,442 - bb84_simulator - INFO - BB84 protocol completed successfully: 17 bytes, QBER=0.0000
2026-02-10 15:15:03,442 - cukem - INFO - Validating quantum key entropy
2026-02-10 15:15:03,442 - cukem - WARNING - Insufficient entropy: 0.0000
2026-02-10 15:15:03,442 - cukem - INFO - Applying privacy amplification
2026-02-10 15:15:03,442 - privacy_amplification - WARNING - Insufficient entropy for privacy amplification
2026-02-10 15:15:03,442 - cukem - ERROR - Privacy amplification failed: Insufficient entropy for secure amplification
2026-02-10 15:15:03,442 - cukem - WARNING - Quantum channel establishment failed
2026-02-10 15:15:03,442 - cukem - WARNING - Falling back to PQC-only mode
2026-02-10 15:15:03,442 - cukem - INFO - === Key Exchange Complete: 32 bytes ===
2026-02-10 15:15:03,442 - adaptive_controller - WARNING - Low entropy: 0.0000
2026-02-10 15:15:03,442 - adaptive_controller - WARNING - Falling back to PQC-only: Low entropy
2026-02-10 15:15:03,442 - transitions.core - INFO - Finished processing state hybrid_active exit callbacks.
2026-02-10 15:15:03,442 - transitions.core - INFO - Finished processing state pqc_only enter callbacks.
2026-02-10 15:15:03,442 - adaptive_controller - INFO - State changed to: pqc_only
2026-02-10 15:15:03,442 - transitions.core - INFO - Executed callback '_on_state_change'
2026-02-10 15:15:03,442 - __main__ - INFO -   Health status: healthy
2026-02-10 15:15:03,442 - __main__ - INFO -   Total exchanges: 1
2026-02-10 15:15:03,442 - __main__ - INFO -   PQC success rate: 100.00%
2026-02-10 15:15:03,442 - circuit_breaker - INFO - Initialized circuit breaker: demo_breaker
2026-02-10 15:15:03,442 - __main__ - INFO - Initialized circuit breaker
2026-02-10 15:15:03,459 - __main__ - ERROR - Demo 6 failed: 'state'
2026-02-10 15:15:03,459 - __main__ - ERROR - Fatal error: 'charmap' codec can't encode character '\u2713' in position 177: character maps to <undefined>
2026-02-10 15:15:16,638 - utils - INFO - Logging initialized at INFO level
2026-02-10 15:15:16,638 - __main__ - INFO - Starting CuKEM demonstration suite
2026-02-10 15:15:16,638 - pqc_kem - INFO - Initialized Kyber768 KEM
2026-02-10 15:15:16,638 - __main__ - INFO - Initialized ML-KEM-768
2026-02-10 15:15:16,638 - pqc_kem - INFO - Generated Kyber768 keypair
2026-02-10 15:15:16,638 - __main__ - INFO - Generated responder keypair
2026-02-10 15:15:16,638 - __main__ - INFO -   Public key size: 1184 bytes
2026-02-10 15:15:16,638 - __main__ - INFO -   Secret key size: 2400 bytes
2026-02-10 15:15:16,638 - pqc_kem - INFO - Encapsulation successful, fingerprint: 39887b2b742c9328
2026-02-10 15:15:16,651 - __main__ - INFO -   Ciphertext size: 1088 bytes
2026-02-10 15:15:16,651 - __main__ - INFO -   Shared secret size: 32 bytes
2026-02-10 15:15:16,651 - __main__ - INFO -   Fingerprint: 39887b2b742c9328
2026-02-10 15:15:16,651 - pqc_kem - INFO - Decapsulation successful, fingerprint: 39887b2b742c9328
2026-02-10 15:15:16,651 - bb84_simulator - INFO - Initialized BB84 simulator with 256 qubits
2026-02-10 15:15:16,651 - __main__ - INFO - Initialized BB84 simulator with 256 qubits
2026-02-10 15:15:16,651 - __main__ - INFO - Executing BB84 protocol (no noise)...
2026-02-10 15:15:16,651 - bb84_simulator - INFO - Starting BB84 protocol with 256 qubits, noise=0.0
2026-02-10 15:15:16,854 - bb84_simulator - INFO - QBER: 0.0000 (0/27 errors)
2026-02-10 15:15:16,854 - bb84_simulator - INFO - BB84 protocol completed successfully: 17 bytes, QBER=0.0000
2026-02-10 15:15:16,854 - __main__ - INFO -   Generated key: 17 bytes
2026-02-10 15:15:16,854 - __main__ - INFO -   Sifted key length: 138 qubits
2026-02-10 15:15:16,854 - __main__ - INFO -   QBER: 0.0000
2026-02-10 15:15:16,854 - __main__ - INFO -   Sifting efficiency: 53.91%
2026-02-10 15:15:16,854 - entropy_estimator - INFO - Initialized entropy estimator (threshold: 0.8)
2026-02-10 15:15:16,854 - __main__ - INFO - Initialized entropy estimator
2026-02-10 15:15:16,854 - bb84_simulator - INFO - Initialized BB84 simulator with 256 qubits
2026-02-10 15:15:16,854 - bb84_simulator - INFO - Starting BB84 protocol with 256 qubits, noise=0.0
2026-02-10 15:15:17,044 - bb84_simulator - INFO - QBER: 0.0000 (0/26 errors)
2026-02-10 15:15:17,044 - bb84_simulator - INFO - BB84 protocol completed successfully: 16 bytes, QBER=0.0000
2026-02-10 15:15:17,044 - __main__ - INFO - Analyzing entropy of 16 bytes...
2026-02-10 15:15:17,045 - pqc_kem - INFO - Initialized Kyber768 KEM
2026-02-10 15:15:17,045 - bb84_simulator - INFO - Initialized BB84 simulator with 256 qubits
2026-02-10 15:15:17,045 - chsh_bell_test - INFO - Initialized CHSH Bell test with 8192 shots
2026-02-10 15:15:17,045 - entropy_estimator - INFO - Initialized entropy estimator (threshold: 0.8)
2026-02-10 15:15:17,045 - privacy_amplification - INFO - Initialized privacy amplifier (security: 256 bits)
2026-02-10 15:15:17,046 - hkdf_combiner - INFO - Initialized HKDF combiner with sha256
2026-02-10 15:15:17,046 - cukem - INFO - Initialized CuKEM in hybrid mode
2026-02-10 15:15:17,046 - __main__ - INFO - Initialized CuKEM in HYBRID mode
2026-02-10 15:15:17,046 - pqc_kem - INFO - Generated Kyber768 keypair
2026-02-10 15:15:17,046 - __main__ - INFO - Responder generated keypair
2026-02-10 15:15:17,046 - __main__ - INFO - Initiator performing key exchange...
2026-02-10 15:15:17,046 - cukem - INFO - === CuKEM Key Exchange: INITIATOR ===
2026-02-10 15:15:17,046 - cukem - INFO - Performing PQC encapsulation
2026-02-10 15:15:17,047 - pqc_kem - INFO - Encapsulation successful, fingerprint: fe404793cb5abd10
2026-02-10 15:15:17,047 - cukem - INFO - Executing BB84 protocol
2026-02-10 15:15:17,047 - bb84_simulator - INFO - Starting BB84 protocol with 256 qubits, noise=0.0
2026-02-10 15:15:17,228 - bb84_simulator - INFO - QBER: 0.0000 (0/23 errors)
2026-02-10 15:15:17,228 - bb84_simulator - INFO - BB84 protocol completed successfully: 14 bytes, QBER=0.0000
2026-02-10 15:15:17,228 - cukem - INFO - Validating quantum key entropy
2026-02-10 15:15:17,228 - cukem - WARNING - Insufficient entropy: 0.0000
2026-02-10 15:15:17,228 - cukem - INFO - Applying privacy amplification
2026-02-10 15:15:17,228 - privacy_amplification - WARNING - Insufficient entropy for privacy amplification
2026-02-10 15:15:17,228 - cukem - ERROR - Privacy amplification failed: Insufficient entropy for secure amplification
2026-02-10 15:15:17,229 - cukem - WARNING - Quantum channel establishment failed
2026-02-10 15:15:17,229 - cukem - WARNING - Falling back to PQC-only mode
2026-02-10 15:15:17,229 - cukem - INFO - === Key Exchange Complete: 32 bytes ===
2026-02-10 15:15:17,229 - __main__ - INFO -   Mode: hybrid
2026-02-10 15:15:17,230 - __main__ - INFO -   Key length: 32 bytes
2026-02-10 15:15:17,230 - __main__ - INFO -   Fallback used: True
2026-02-10 15:15:17,230 - __main__ - WARNING -   Warnings: ['QKD failed - using PQC only']
2026-02-10 15:15:17,230 - adaptive_controller - INFO - Initialized adaptive controller
2026-02-10 15:15:17,230 - __main__ - INFO - Initialized adaptive controller
2026-02-10 15:15:17,230 - __main__ - INFO - Initializing CuKEM system...
2026-02-10 15:15:17,231 - transitions.core - INFO - Finished processing state idle exit callbacks.
2026-02-10 15:15:17,231 - transitions.core - INFO - Finished processing state initializing enter callbacks.
2026-02-10 15:15:17,231 - adaptive_controller - INFO - State changed to: initializing
2026-02-10 15:15:17,231 - transitions.core - INFO - Executed callback '_on_state_change'
2026-02-10 15:15:17,231 - adaptive_controller - INFO - Initializing CuKEM system
2026-02-10 15:15:17,231 - pqc_kem - INFO - Initialized Kyber768 KEM
2026-02-10 15:15:17,231 - bb84_simulator - INFO - Initialized BB84 simulator with 256 qubits
2026-02-10 15:15:17,231 - chsh_bell_test - INFO - Initialized CHSH Bell test with 8192 shots
2026-02-10 15:15:17,231 - entropy_estimator - INFO - Initialized entropy estimator (threshold: 0.8)
2026-02-10 15:15:17,231 - privacy_amplification - INFO - Initialized privacy amplifier (security: 256 bits)
2026-02-10 15:15:17,231 - hkdf_combiner - INFO - Initialized HKDF combiner with sha256
2026-02-10 15:15:17,231 - cukem - INFO - Initialized CuKEM in hybrid mode
2026-02-10 15:15:17,233 - transitions.core - INFO - Finished processing state initializing exit callbacks.
2026-02-10 15:15:17,233 - transitions.core - INFO - Finished processing state hybrid_active enter callbacks.
2026-02-10 15:15:17,233 - adaptive_controller - INFO - State changed to: hybrid_active
2026-02-10 15:15:17,233 - transitions.core - INFO - Executed callback '_on_state_change'
2026-02-10 15:15:17,234 - __main__ - INFO - Performing key exchange...
2026-02-10 15:15:17,234 - pqc_kem - INFO - Generated Kyber768 keypair
2026-02-10 15:15:17,234 - cukem - INFO - === CuKEM Key Exchange: INITIATOR ===
2026-02-10 15:15:17,234 - cukem - INFO - Performing PQC encapsulation
2026-02-10 15:15:17,235 - pqc_kem - INFO - Encapsulation successful, fingerprint: 1964acd5b3a077d0
2026-02-10 15:15:17,235 - cukem - INFO - Performing CHSH entanglement verification
2026-02-10 15:15:17,235 - chsh_bell_test - INFO - Starting CHSH Bell test
2026-02-10 15:15:17,310 - chsh_bell_test - WARNING - CHSH test inconclusive: S = -0.0149
2026-02-10 15:15:17,310 - cukem - WARNING - CHSH verification failed - quantum channel may be compromised
2026-02-10 15:15:17,310 - cukem - INFO - Executing BB84 protocol
2026-02-10 15:15:17,310 - bb84_simulator - INFO - Starting BB84 protocol with 256 qubits, noise=0.0
2026-02-10 15:15:17,500 - bb84_simulator - INFO - QBER: 0.0000 (0/26 errors)
2026-02-10 15:15:17,500 - bb84_simulator - INFO - BB84 protocol completed successfully: 16 bytes, QBER=0.0000
2026-02-10 15:15:17,500 - cukem - INFO - Validating quantum key entropy
2026-02-10 15:15:17,500 - cukem - WARNING - Insufficient entropy: 0.0000
2026-02-10 15:15:17,500 - cukem - INFO - Applying privacy amplification
2026-02-10 15:15:17,500 - privacy_amplification - WARNING - Insufficient entropy for privacy amplification
2026-02-10 15:15:17,500 - cukem - ERROR - Privacy amplification failed: Insufficient entropy for secure amplification
2026-02-10 15:15:17,500 - cukem - WARNING - Quantum channel establishment failed
2026-02-10 15:15:17,500 - cukem - WARNING - Falling back to PQC-only mode
2026-02-10 15:15:17,500 - cukem - INFO - === Key Exchange Complete: 32 bytes ===
2026-02-10 15:15:17,501 - adaptive_controller - WARNING - Low entropy: 0.0000
2026-02-10 15:15:17,501 - adaptive_controller - WARNING - Falling back to PQC-only: Low entropy
2026-02-10 15:15:17,501 - transitions.core - INFO - Finished processing state hybrid_active exit callbacks.
2026-02-10 15:15:17,501 - transitions.core - INFO - Finished processing state pqc_only enter callbacks.
2026-02-10 15:15:17,501 - adaptive_controller - INFO - State changed to: pqc_only
2026-02-10 15:15:17,501 - transitions.core - INFO - Executed callback '_on_state_change'
2026-02-10 15:15:17,503 - __main__ - INFO -   Health status: healthy
2026-02-10 15:15:17,503 - __main__ - INFO -   Total exchanges: 1
2026-02-10 15:15:17,503 - __main__ - INFO -   PQC success rate: 100.00%
2026-02-10 15:15:17,503 - circuit_breaker - INFO - Initialized circuit breaker: demo_breaker
2026-02-10 15:15:17,503 - __main__ - INFO - Initialized circuit breaker
2026-02-10 15:15:17,505 - __main__ - ERROR - Demo 6 failed: 'state'
2026-02-10 15:15:17,505 - __main__ - ERROR - Fatal error: 'charmap' codec can't encode character '\u2713' in position 177: character maps to <undefined>
2026-02-10 15:15:35,594 - utils - INFO - Logging initialized at INFO level
2026-02-10 15:15:35,594 - __main__ - INFO - Starting CuKEM demonstration suite
2026-02-10 15:15:35,594 - pqc_kem - INFO - Initialized Kyber768 KEM
2026-02-10 15:15:35,594 - __main__ - INFO - Initialized ML-KEM-768
2026-02-10 15:15:35,594 - pqc_kem - INFO - Generated Kyber768 keypair
2026-02-10 15:15:35,594 - __main__ - INFO - Generated responder keypair
2026-02-10 15:15:35,594 - __main__ - INFO -   Public key size: 1184 bytes
2026-02-10 15:15:35,594 - __main__ - INFO -   Secret key size: 2400 bytes
2026-02-10 15:15:35,594 - pqc_kem - INFO - Encapsulation successful, fingerprint: e79c3519672c3494
2026-02-10 15:15:35,594 - __main__ - INFO -   Ciphertext size: 1088 bytes
2026-02-10 15:15:35,594 - __main__ - INFO -   Shared secret size: 32 bytes
2026-02-10 15:15:35,594 - __main__ - INFO -   Fingerprint: e79c3519672c3494
2026-02-10 15:15:35,594 - pqc_kem - INFO - Decapsulation successful, fingerprint: e79c3519672c3494
2026-02-10 15:15:35,594 - bb84_simulator - INFO - Initialized BB84 simulator with 256 qubits
2026-02-10 15:15:35,594 - __main__ - INFO - Initialized BB84 simulator with 256 qubits
2026-02-10 15:15:35,594 - __main__ - INFO - Executing BB84 protocol (no noise)...
2026-02-10 15:15:35,594 - bb84_simulator - INFO - Starting BB84 protocol with 256 qubits, noise=0.0
2026-02-10 15:15:35,782 - bb84_simulator - INFO - QBER: 0.0000 (0/25 errors)
2026-02-10 15:15:35,782 - bb84_simulator - INFO - BB84 protocol completed successfully: 16 bytes, QBER=0.0000
2026-02-10 15:15:35,783 - __main__ - INFO -   Generated key: 16 bytes
2026-02-10 15:15:35,783 - __main__ - INFO -   Sifted key length: 128 qubits
2026-02-10 15:15:35,783 - __main__ - INFO -   QBER: 0.0000
2026-02-10 15:15:35,783 - __main__ - INFO -   Sifting efficiency: 50.00%
2026-02-10 15:15:35,783 - entropy_estimator - INFO - Initialized entropy estimator (threshold: 0.8)
2026-02-10 15:15:35,783 - __main__ - INFO - Initialized entropy estimator
2026-02-10 15:15:35,783 - bb84_simulator - INFO - Initialized BB84 simulator with 256 qubits
2026-02-10 15:15:35,783 - bb84_simulator - INFO - Starting BB84 protocol with 256 qubits, noise=0.0
2026-02-10 15:15:35,934 - bb84_simulator - INFO - QBER: 0.0000 (0/24 errors)
2026-02-10 15:15:35,934 - bb84_simulator - INFO - BB84 protocol completed successfully: 15 bytes, QBER=0.0000
2026-02-10 15:15:35,934 - __main__ - INFO - Analyzing entropy of 15 bytes...
2026-02-10 15:15:35,934 - pqc_kem - INFO - Initialized Kyber768 KEM
2026-02-10 15:15:35,934 - bb84_simulator - INFO - Initialized BB84 simulator with 256 qubits
2026-02-10 15:15:35,934 - chsh_bell_test - INFO - Initialized CHSH Bell test with 8192 shots
2026-02-10 15:15:35,950 - entropy_estimator - INFO - Initialized entropy estimator (threshold: 0.8)
2026-02-10 15:15:35,950 - privacy_amplification - INFO - Initialized privacy amplifier (security: 256 bits)
2026-02-10 15:15:35,950 - hkdf_combiner - INFO - Initialized HKDF combiner with sha256
2026-02-10 15:15:35,950 - cukem - INFO - Initialized CuKEM in hybrid mode
2026-02-10 15:15:35,950 - __main__ - INFO - Initialized CuKEM in HYBRID mode
2026-02-10 15:15:35,950 - pqc_kem - INFO - Generated Kyber768 keypair
2026-02-10 15:15:35,950 - __main__ - INFO - Responder generated keypair
2026-02-10 15:15:35,950 - __main__ - INFO - Initiator performing key exchange...
2026-02-10 15:15:35,951 - cukem - INFO - === CuKEM Key Exchange: INITIATOR ===
2026-02-10 15:15:35,951 - cukem - INFO - Performing PQC encapsulation
2026-02-10 15:15:35,951 - pqc_kem - INFO - Encapsulation successful, fingerprint: 212993c7af19198c
2026-02-10 15:15:35,951 - cukem - INFO - Executing BB84 protocol
2026-02-10 15:15:35,951 - bb84_simulator - INFO - Starting BB84 protocol with 256 qubits, noise=0.0
2026-02-10 15:15:36,113 - bb84_simulator - INFO - QBER: 0.0000 (0/23 errors)
2026-02-10 15:15:36,113 - bb84_simulator - INFO - BB84 protocol completed successfully: 14 bytes, QBER=0.0000
2026-02-10 15:15:36,113 - cukem - INFO - Validating quantum key entropy
2026-02-10 15:15:36,113 - cukem - WARNING - Insufficient entropy: 0.0000
2026-02-10 15:15:36,113 - cukem - INFO - Applying privacy amplification
2026-02-10 15:15:36,113 - privacy_amplification - WARNING - Insufficient entropy for privacy amplification
2026-02-10 15:15:36,113 - cukem - ERROR - Privacy amplification failed: Insufficient entropy for secure amplification
2026-02-10 15:15:36,113 - cukem - WARNING - Quantum channel establishment failed
2026-02-10 15:15:36,113 - cukem - WARNING - Falling back to PQC-only mode
2026-02-10 15:15:36,113 - cukem - INFO - === Key Exchange Complete: 32 bytes ===
2026-02-10 15:15:36,114 - __main__ - INFO -   Mode: hybrid
2026-02-10 15:15:36,114 - __main__ - INFO -   Key length: 32 bytes
2026-02-10 15:15:36,114 - __main__ - INFO -   Fallback used: True
2026-02-10 15:15:36,114 - __main__ - WARNING -   Warnings: ['QKD failed - using PQC only']
2026-02-10 15:15:36,115 - adaptive_controller - INFO - Initialized adaptive controller
2026-02-10 15:15:36,115 - __main__ - INFO - Initialized adaptive controller
2026-02-10 15:15:36,115 - __main__ - INFO - Initializing CuKEM system...
2026-02-10 15:15:36,115 - transitions.core - INFO - Finished processing state idle exit callbacks.
2026-02-10 15:15:36,115 - transitions.core - INFO - Finished processing state initializing enter callbacks.
2026-02-10 15:15:36,115 - adaptive_controller - INFO - State changed to: initializing
2026-02-10 15:15:36,115 - transitions.core - INFO - Executed callback '_on_state_change'
2026-02-10 15:15:36,115 - adaptive_controller - INFO - Initializing CuKEM system
2026-02-10 15:15:36,115 - pqc_kem - INFO - Initialized Kyber768 KEM
2026-02-10 15:15:36,116 - bb84_simulator - INFO - Initialized BB84 simulator with 256 qubits
2026-02-10 15:15:36,116 - chsh_bell_test - INFO - Initialized CHSH Bell test with 8192 shots
2026-02-10 15:15:36,116 - entropy_estimator - INFO - Initialized entropy estimator (threshold: 0.8)
2026-02-10 15:15:36,116 - privacy_amplification - INFO - Initialized privacy amplifier (security: 256 bits)
2026-02-10 15:15:36,116 - hkdf_combiner - INFO - Initialized HKDF combiner with sha256
2026-02-10 15:15:36,116 - cukem - INFO - Initialized CuKEM in hybrid mode
2026-02-10 15:15:36,117 - transitions.core - INFO - Finished processing state initializing exit callbacks.
2026-02-10 15:15:36,117 - transitions.core - INFO - Finished processing state hybrid_active enter callbacks.
2026-02-10 15:15:36,117 - adaptive_controller - INFO - State changed to: hybrid_active
2026-02-10 15:15:36,117 - transitions.core - INFO - Executed callback '_on_state_change'
2026-02-10 15:15:36,118 - __main__ - INFO - Performing key exchange...
2026-02-10 15:15:36,118 - pqc_kem - INFO - Generated Kyber768 keypair
2026-02-10 15:15:36,118 - cukem - INFO - === CuKEM Key Exchange: INITIATOR ===
2026-02-10 15:15:36,118 - cukem - INFO - Performing PQC encapsulation
2026-02-10 15:15:36,119 - pqc_kem - INFO - Encapsulation successful, fingerprint: d836348ac6b33807
2026-02-10 15:15:36,119 - cukem - INFO - Performing CHSH entanglement verification
2026-02-10 15:15:36,119 - chsh_bell_test - INFO - Starting CHSH Bell test
2026-02-10 15:15:36,195 - chsh_bell_test - WARNING - CHSH test inconclusive: S = 0.0024
2026-02-10 15:15:36,195 - cukem - WARNING - CHSH verification failed - quantum channel may be compromised
2026-02-10 15:15:36,195 - cukem - INFO - Executing BB84 protocol
2026-02-10 15:15:36,195 - bb84_simulator - INFO - Starting BB84 protocol with 256 qubits, noise=0.0
2026-02-10 15:15:36,371 - bb84_simulator - INFO - QBER: 0.0000 (0/26 errors)
2026-02-10 15:15:36,371 - bb84_simulator - INFO - BB84 protocol completed successfully: 16 bytes, QBER=0.0000
2026-02-10 15:15:36,371 - cukem - INFO - Validating quantum key entropy
2026-02-10 15:15:36,371 - cukem - WARNING - Insufficient entropy: 0.0000
2026-02-10 15:15:36,371 - cukem - INFO - Applying privacy amplification
2026-02-10 15:15:36,371 - privacy_amplification - WARNING - Insufficient entropy for privacy amplification
2026-02-10 15:15:36,371 - cukem - ERROR - Privacy amplification failed: Insufficient entropy for secure amplification
2026-02-10 15:15:36,371 - cukem - WARNING - Quantum channel establishment failed
2026-02-10 15:15:36,371 - cukem - WARNING - Falling back to PQC-only mode
2026-02-10 15:15:36,371 - cukem - INFO - === Key Exchange Complete: 32 bytes ===
2026-02-10 15:15:36,371 - adaptive_controller - WARNING - Low entropy: 0.0000
2026-02-10 15:15:36,371 - adaptive_controller - WARNING - Falling back to PQC-only: Low entropy
2026-02-10 15:15:36,371 - transitions.core - INFO - Finished processing state hybrid_active exit callbacks.
2026-02-10 15:15:36,371 - transitions.core - INFO - Finished processing state pqc_only enter callbacks.
2026-02-10 15:15:36,371 - adaptive_controller - INFO - State changed to: pqc_only
2026-02-10 15:15:36,371 - transitions.core - INFO - Executed callback '_on_state_change'
2026-02-10 15:15:36,371 - __main__ - INFO -   Health status: healthy
2026-02-10 15:15:36,371 - __main__ - INFO -   Total exchanges: 1
2026-02-10 15:15:36,371 - __main__ - INFO -   PQC success rate: 100.00%
2026-02-10 15:15:36,371 - circuit_breaker - INFO - Initialized circuit breaker: demo_breaker
2026-02-10 15:15:36,371 - __main__ - INFO - Initialized circuit breaker
2026-02-10 15:15:36,388 - __main__ - ERROR - Demo 6 failed: 'state'
2026-02-10 15:15:36,388 - __main__ - ERROR - Fatal error: 'charmap' codec can't encode character '\u2713' in position 177: character maps to <undefined>
2026-02-10 15:15:49,796 - utils - INFO - Logging initialized at INFO level
2026-02-10 15:15:49,796 - __main__ - INFO - Starting CuKEM demonstration suite
2026-02-10 15:15:49,796 - pqc_kem - INFO - Initialized Kyber768 KEM
2026-02-10 15:15:49,796 - __main__ - INFO - Initialized ML-KEM-768
2026-02-10 15:15:49,801 - pqc_kem - INFO - Generated Kyber768 keypair
2026-02-10 15:15:49,801 - __main__ - INFO - Generated responder keypair
2026-02-10 15:15:49,801 - __main__ - INFO -   Public key size: 1184 bytes
2026-02-10 15:15:49,801 - __main__ - INFO -   Secret key size: 2400 bytes
2026-02-10 15:15:49,802 - pqc_kem - INFO - Encapsulation successful, fingerprint: 39e272dd96ddaa56
2026-02-10 15:15:49,802 - __main__ - INFO - ✓ Encapsulation successful
2026-02-10 15:15:49,802 - __main__ - INFO -   Ciphertext size: 1088 bytes
2026-02-10 15:15:49,802 - __main__ - INFO -   Shared secret size: 32 bytes
2026-02-10 15:15:49,802 - __main__ - INFO -   Fingerprint: 39e272dd96ddaa56
2026-02-10 15:15:49,802 - pqc_kem - INFO - Decapsulation successful, fingerprint: 39e272dd96ddaa56
2026-02-10 15:15:49,802 - __main__ - INFO - ✓ Decapsulation successful
2026-02-10 15:15:49,803 - __main__ - INFO - ✓ Shared secrets match!
2026-02-10 15:15:49,803 - bb84_simulator - INFO - Initialized BB84 simulator with 256 qubits
2026-02-10 15:15:49,803 - __main__ - INFO - Initialized BB84 simulator with 256 qubits
2026-02-10 15:15:49,803 - __main__ - INFO - Executing BB84 protocol (no noise)...
2026-02-10 15:15:49,803 - bb84_simulator - INFO - Starting BB84 protocol with 256 qubits, noise=0.0
2026-02-10 15:15:49,978 - bb84_simulator - INFO - QBER: 0.0000 (0/27 errors)
2026-02-10 15:15:49,978 - bb84_simulator - INFO - BB84 protocol completed successfully: 17 bytes, QBER=0.0000
2026-02-10 15:15:49,978 - __main__ - INFO - ✓ BB84 protocol successful
2026-02-10 15:15:49,978 - __main__ - INFO -   Generated key: 17 bytes
2026-02-10 15:15:49,978 - __main__ - INFO -   Sifted key length: 138 qubits
2026-02-10 15:15:49,978 - __main__ - INFO -   QBER: 0.0000
2026-02-10 15:15:49,978 - __main__ - INFO -   Sifting efficiency: 53.91%
2026-02-10 15:15:49,978 - entropy_estimator - INFO - Initialized entropy estimator (threshold: 0.8)
2026-02-10 15:15:49,979 - __main__ - INFO - Initialized entropy estimator
2026-02-10 15:15:49,979 - bb84_simulator - INFO - Initialized BB84 simulator with 256 qubits
2026-02-10 15:15:49,979 - bb84_simulator - INFO - Starting BB84 protocol with 256 qubits, noise=0.0
2026-02-10 15:15:50,138 - bb84_simulator - INFO - QBER: 0.0000 (0/26 errors)
2026-02-10 15:15:50,138 - bb84_simulator - INFO - BB84 protocol completed successfully: 16 bytes, QBER=0.0000
2026-02-10 15:15:50,138 - __main__ - INFO - Analyzing entropy of 16 bytes...
2026-02-10 15:15:50,138 - __main__ - ERROR - ✗ Entropy estimation failed: Insufficient data: need at least 125 bytes
2026-02-10 15:15:50,138 - pqc_kem - INFO - Initialized Kyber768 KEM
2026-02-10 15:15:50,138 - bb84_simulator - INFO - Initialized BB84 simulator with 256 qubits
2026-02-10 15:15:50,138 - chsh_bell_test - INFO - Initialized CHSH Bell test with 8192 shots
2026-02-10 15:15:50,138 - entropy_estimator - INFO - Initialized entropy estimator (threshold: 0.8)
2026-02-10 15:15:50,138 - privacy_amplification - INFO - Initialized privacy amplifier (security: 256 bits)
2026-02-10 15:15:50,138 - hkdf_combiner - INFO - Initialized HKDF combiner with sha256
2026-02-10 15:15:50,138 - cukem - INFO - Initialized CuKEM in hybrid mode
2026-02-10 15:15:50,138 - __main__ - INFO - Initialized CuKEM in HYBRID mode
2026-02-10 15:15:50,150 - pqc_kem - INFO - Generated Kyber768 keypair
2026-02-10 15:15:50,150 - __main__ - INFO - Responder generated keypair
2026-02-10 15:15:50,150 - __main__ - INFO - Initiator performing key exchange...
2026-02-10 15:15:50,150 - cukem - INFO - === CuKEM Key Exchange: INITIATOR ===
2026-02-10 15:15:50,150 - cukem - INFO - Performing PQC encapsulation
2026-02-10 15:15:50,151 - pqc_kem - INFO - Encapsulation successful, fingerprint: 109eb475b4853d67
2026-02-10 15:15:50,151 - cukem - INFO - Executing BB84 protocol
2026-02-10 15:15:50,151 - bb84_simulator - INFO - Starting BB84 protocol with 256 qubits, noise=0.0
2026-02-10 15:15:50,309 - bb84_simulator - INFO - QBER: 0.0000 (0/27 errors)
2026-02-10 15:15:50,309 - bb84_simulator - INFO - BB84 protocol completed successfully: 17 bytes, QBER=0.0000
2026-02-10 15:15:50,309 - cukem - INFO - Validating quantum key entropy
2026-02-10 15:15:50,309 - cukem - WARNING - Insufficient entropy: 0.0000
2026-02-10 15:15:50,309 - cukem - INFO - Applying privacy amplification
2026-02-10 15:15:50,309 - privacy_amplification - WARNING - Insufficient entropy for privacy amplification
2026-02-10 15:15:50,309 - cukem - ERROR - Privacy amplification failed: Insufficient entropy for secure amplification
2026-02-10 15:15:50,310 - cukem - WARNING - Quantum channel establishment failed
2026-02-10 15:15:50,310 - cukem - WARNING - Falling back to PQC-only mode
2026-02-10 15:15:50,310 - cukem - INFO - === Key Exchange Complete: 32 bytes ===
2026-02-10 15:15:50,310 - __main__ - INFO - ✓ Key exchange successful!
2026-02-10 15:15:50,310 - __main__ - INFO -   Mode: hybrid
2026-02-10 15:15:50,310 - __main__ - INFO -   Key length: 32 bytes
2026-02-10 15:15:50,310 - __main__ - INFO -   Fallback used: True
2026-02-10 15:15:50,310 - __main__ - WARNING -   Warnings: ['QKD failed - using PQC only']
2026-02-10 15:15:50,311 - adaptive_controller - INFO - Initialized adaptive controller
2026-02-10 15:15:50,311 - __main__ - INFO - Initialized adaptive controller
2026-02-10 15:15:50,311 - __main__ - INFO - Initializing CuKEM system...
2026-02-10 15:15:50,311 - transitions.core - INFO - Finished processing state idle exit callbacks.
2026-02-10 15:15:50,311 - transitions.core - INFO - Finished processing state initializing enter callbacks.
2026-02-10 15:15:50,311 - adaptive_controller - INFO - State changed to: initializing
2026-02-10 15:15:50,311 - transitions.core - INFO - Executed callback '_on_state_change'
2026-02-10 15:15:50,311 - adaptive_controller - INFO - Initializing CuKEM system
2026-02-10 15:15:50,311 - pqc_kem - INFO - Initialized Kyber768 KEM
2026-02-10 15:15:50,311 - bb84_simulator - INFO - Initialized BB84 simulator with 256 qubits
2026-02-10 15:15:50,312 - chsh_bell_test - INFO - Initialized CHSH Bell test with 8192 shots
2026-02-10 15:15:50,312 - entropy_estimator - INFO - Initialized entropy estimator (threshold: 0.8)
2026-02-10 15:15:50,312 - privacy_amplification - INFO - Initialized privacy amplifier (security: 256 bits)
2026-02-10 15:15:50,312 - hkdf_combiner - INFO - Initialized HKDF combiner with sha256
2026-02-10 15:15:50,312 - cukem - INFO - Initialized CuKEM in hybrid mode
2026-02-10 15:15:50,312 - adaptive_controller - INFO - Event: initialization - idle → initializing: System startup
2026-02-10 15:15:50,312 - transitions.core - INFO - Finished processing state initializing exit callbacks.
2026-02-10 15:15:50,312 - transitions.core - INFO - Finished processing state hybrid_active enter callbacks.
2026-02-10 15:15:50,312 - adaptive_controller - INFO - State changed to: hybrid_active
2026-02-10 15:15:50,312 - transitions.core - INFO - Executed callback '_on_state_change'
2026-02-10 15:15:50,312 - __main__ - INFO - ✓ System initialized
2026-02-10 15:15:50,312 - __main__ - INFO - Performing key exchange...
2026-02-10 15:15:50,313 - pqc_kem - INFO - Generated Kyber768 keypair
2026-02-10 15:15:50,313 - cukem - INFO - === CuKEM Key Exchange: INITIATOR ===
2026-02-10 15:15:50,313 - cukem - INFO - Performing PQC encapsulation
2026-02-10 15:15:50,313 - pqc_kem - INFO - Encapsulation successful, fingerprint: 8ad885a602b17649
2026-02-10 15:15:50,314 - cukem - INFO - Performing CHSH entanglement verification
2026-02-10 15:15:50,314 - chsh_bell_test - INFO - Starting CHSH Bell test
2026-02-10 15:15:50,390 - chsh_bell_test - WARNING - CHSH test inconclusive: S = -0.0098
2026-02-10 15:15:50,390 - cukem - WARNING - CHSH verification failed - quantum channel may be compromised
2026-02-10 15:15:50,390 - cukem - INFO - Executing BB84 protocol
2026-02-10 15:15:50,390 - bb84_simulator - INFO - Starting BB84 protocol with 256 qubits, noise=0.0
2026-02-10 15:15:50,550 - bb84_simulator - INFO - QBER: 0.0000 (0/25 errors)
2026-02-10 15:15:50,550 - bb84_simulator - INFO - BB84 protocol completed successfully: 16 bytes, QBER=0.0000
2026-02-10 15:15:50,550 - cukem - INFO - Validating quantum key entropy
2026-02-10 15:15:50,550 - cukem - WARNING - Insufficient entropy: 0.0000
2026-02-10 15:15:50,550 - cukem - INFO - Applying privacy amplification
2026-02-10 15:15:50,550 - privacy_amplification - WARNING - Insufficient entropy for privacy amplification
2026-02-10 15:15:50,550 - cukem - ERROR - Privacy amplification failed: Insufficient entropy for secure amplification
2026-02-10 15:15:50,550 - cukem - WARNING - Quantum channel establishment failed
2026-02-10 15:15:50,550 - cukem - WARNING - Falling back to PQC-only mode
2026-02-10 15:15:50,550 - cukem - INFO - === Key Exchange Complete: 32 bytes ===
2026-02-10 15:15:50,550 - adaptive_controller - WARNING - Low entropy: 0.0000
2026-02-10 15:15:50,550 - adaptive_controller - WARNING - Falling back to PQC-only: Low entropy
2026-02-10 15:15:50,550 - transitions.core - INFO - Finished processing state hybrid_active exit callbacks.
2026-02-10 15:15:50,550 - transitions.core - INFO - Finished processing state pqc_only enter callbacks.
2026-02-10 15:15:50,550 - adaptive_controller - INFO - State changed to: pqc_only
2026-02-10 15:15:50,550 - transitions.core - INFO - Executed callback '_on_state_change'
2026-02-10 15:15:50,550 - adaptive_controller - INFO - Event: fallback - hybrid_active → pqc_only: Low entropy
2026-02-10 15:15:50,550 - __main__ - INFO - ✓ Key exchange successful
2026-02-10 15:15:50,550 - __main__ - INFO -   Health status: healthy
2026-02-10 15:15:50,550 - __main__ - INFO -   Total exchanges: 1
2026-02-10 15:15:50,550 - __main__ - INFO -   PQC success rate: 100.00%
2026-02-10 15:15:50,550 - circuit_breaker - INFO - Initialized circuit breaker: demo_breaker
2026-02-10 15:15:50,550 - __main__ - INFO - Initialized circuit breaker
2026-02-10 15:15:50,550 - __main__ - WARNING -   Attempt 1: ✗ Simulated failure
2026-02-10 15:15:50,550 - __main__ - WARNING -   Attempt 2: ✗ Simulated failure
2026-02-10 15:15:50,550 - __main__ - INFO -   Attempt 3: ✓ Success on call 3
2026-02-10 15:15:50,550 - __main__ - INFO -   Attempt 4: ✓ Success on call 4
2026-02-10 15:15:50,550 - __main__ - INFO -   Attempt 5: ✓ Success on call 5
2026-02-10 15:15:50,550 - __main__ - INFO - ✓ Circuit breaker demo complete
2026-02-10 15:15:50,550 - __main__ - ERROR - Demo 6 failed: 'state'
2026-02-10 15:15:50,550 - __main__ - INFO - 
======================================================================
2026-02-10 15:15:50,550 - __main__ - INFO - DEMO COMPLETE: 4/6 tests passed (66.7%)
2026-02-10 15:15:50,550 - __main__ - INFO - ======================================================================
2026-02-10 15:16:55,944 - utils - INFO - Logging initialized at INFO level
2026-02-10 15:16:55,944 - __main__ - INFO - Starting CuKEM demonstration suite
2026-02-10 15:16:55,944 - pqc_kem - INFO - Initialized Kyber768 KEM
2026-02-10 15:16:55,944 - __main__ - INFO - Initialized ML-KEM-768
2026-02-10 15:16:55,944 - pqc_kem - INFO - Generated Kyber768 keypair
2026-02-10 15:16:55,944 - __main__ - INFO - Generated responder keypair
2026-02-10 15:16:55,944 - __main__ - INFO -   Public key size: 1184 bytes
2026-02-10 15:16:55,944 - __main__ - INFO -   Secret key size: 2400 bytes
2026-02-10 15:16:55,944 - pqc_kem - INFO - Encapsulation successful, fingerprint: 8dd8d00bdce7832a
2026-02-10 15:16:55,961 - __main__ - INFO -   Ciphertext size: 1088 bytes
2026-02-10 15:16:55,961 - __main__ - INFO -   Shared secret size: 32 bytes
2026-02-10 15:16:55,961 - __main__ - INFO -   Fingerprint: 8dd8d00bdce7832a
2026-02-10 15:16:55,962 - pqc_kem - INFO - Decapsulation successful, fingerprint: 8dd8d00bdce7832a
2026-02-10 15:16:55,965 - bb84_simulator - INFO - Initialized BB84 simulator with 256 qubits
2026-02-10 15:16:55,965 - __main__ - INFO - Initialized BB84 simulator with 256 qubits
2026-02-10 15:16:55,965 - __main__ - INFO - Executing BB84 protocol (no noise)...
2026-02-10 15:16:55,965 - bb84_simulator - INFO - Starting BB84 protocol with 256 qubits, noise=0.0
2026-02-10 15:16:56,152 - bb84_simulator - INFO - QBER: 0.0000 (0/25 errors)
2026-02-10 15:16:56,153 - bb84_simulator - INFO - BB84 protocol completed successfully: 15 bytes, QBER=0.0000
2026-02-10 15:16:56,154 - __main__ - INFO -   Generated key: 15 bytes
2026-02-10 15:16:56,154 - __main__ - INFO -   Sifted key length: 126 qubits
2026-02-10 15:16:56,155 - __main__ - INFO -   QBER: 0.0000
2026-02-10 15:16:56,155 - __main__ - INFO -   Sifting efficiency: 49.22%
2026-02-10 15:16:56,155 - entropy_estimator - INFO - Initialized entropy estimator (threshold: 0.8)
2026-02-10 15:16:56,155 - __main__ - INFO - Initialized entropy estimator
2026-02-10 15:16:56,156 - bb84_simulator - INFO - Initialized BB84 simulator with 256 qubits
2026-02-10 15:16:56,156 - bb84_simulator - INFO - Starting BB84 protocol with 256 qubits, noise=0.0
2026-02-10 15:16:56,328 - bb84_simulator - INFO - QBER: 0.0000 (0/24 errors)
2026-02-10 15:16:56,329 - bb84_simulator - INFO - BB84 protocol completed successfully: 15 bytes, QBER=0.0000
2026-02-10 15:16:56,329 - __main__ - INFO - Analyzing entropy of 15 bytes...
2026-02-10 15:16:56,331 - pqc_kem - INFO - Initialized Kyber768 KEM
2026-02-10 15:16:56,332 - bb84_simulator - INFO - Initialized BB84 simulator with 256 qubits
2026-02-10 15:16:56,332 - chsh_bell_test - INFO - Initialized CHSH Bell test with 8192 shots
2026-02-10 15:16:56,332 - entropy_estimator - INFO - Initialized entropy estimator (threshold: 0.8)
2026-02-10 15:16:56,332 - privacy_amplification - INFO - Initialized privacy amplifier (security: 256 bits)
2026-02-10 15:16:56,333 - hkdf_combiner - INFO - Initialized HKDF combiner with sha256
2026-02-10 15:16:56,333 - cukem - INFO - Initialized CuKEM in hybrid mode
2026-02-10 15:16:56,333 - __main__ - INFO - Initialized CuKEM in HYBRID mode
2026-02-10 15:16:56,334 - pqc_kem - INFO - Generated Kyber768 keypair
2026-02-10 15:16:56,334 - __main__ - INFO - Responder generated keypair
2026-02-10 15:16:56,334 - __main__ - INFO - Initiator performing key exchange...
2026-02-10 15:16:56,334 - cukem - INFO - === CuKEM Key Exchange: INITIATOR ===
2026-02-10 15:16:56,334 - cukem - INFO - Performing PQC encapsulation
2026-02-10 15:16:56,335 - pqc_kem - INFO - Encapsulation successful, fingerprint: 2707cd79aed1eec2
2026-02-10 15:16:56,335 - cukem - INFO - Executing BB84 protocol
2026-02-10 15:16:56,335 - bb84_simulator - INFO - Starting BB84 protocol with 256 qubits, noise=0.0
2026-02-10 15:16:56,494 - bb84_simulator - INFO - QBER: 0.0000 (0/25 errors)
2026-02-10 15:16:56,494 - bb84_simulator - INFO - BB84 protocol completed successfully: 15 bytes, QBER=0.0000
2026-02-10 15:16:56,494 - cukem - INFO - Validating quantum key entropy
2026-02-10 15:16:56,494 - cukem - WARNING - Insufficient entropy: 0.0000
2026-02-10 15:16:56,494 - cukem - INFO - Applying privacy amplification
2026-02-10 15:16:56,494 - privacy_amplification - WARNING - Insufficient entropy for privacy amplification
2026-02-10 15:16:56,494 - cukem - ERROR - Privacy amplification failed: Insufficient entropy for secure amplification
2026-02-10 15:16:56,494 - cukem - WARNING - Quantum channel establishment failed
2026-02-10 15:16:56,494 - cukem - WARNING - Falling back to PQC-only mode
2026-02-10 15:16:56,494 - cukem - INFO - === Key Exchange Complete: 32 bytes ===
2026-02-10 15:16:56,494 - __main__ - INFO -   Mode: hybrid
2026-02-10 15:16:56,494 - __main__ - INFO -   Key length: 32 bytes
2026-02-10 15:16:56,494 - __main__ - INFO -   Fallback used: True
2026-02-10 15:16:56,494 - __main__ - WARNING -   Warnings: ['QKD failed - using PQC only']
2026-02-10 15:16:56,494 - adaptive_controller - INFO - Initialized adaptive controller
2026-02-10 15:16:56,494 - __main__ - INFO - Initialized adaptive controller
2026-02-10 15:16:56,494 - __main__ - INFO - Initializing CuKEM system...
2026-02-10 15:16:56,494 - transitions.core - INFO - Finished processing state idle exit callbacks.
2026-02-10 15:16:56,494 - transitions.core - INFO - Finished processing state initializing enter callbacks.
2026-02-10 15:16:56,494 - adaptive_controller - INFO - State changed to: initializing
2026-02-10 15:16:56,494 - transitions.core - INFO - Executed callback '_on_state_change'
2026-02-10 15:16:56,494 - adaptive_controller - INFO - Initializing CuKEM system
2026-02-10 15:16:56,494 - pqc_kem - INFO - Initialized Kyber768 KEM
2026-02-10 15:16:56,494 - bb84_simulator - INFO - Initialized BB84 simulator with 256 qubits
2026-02-10 15:16:56,508 - chsh_bell_test - INFO - Initialized CHSH Bell test with 8192 shots
2026-02-10 15:16:56,508 - entropy_estimator - INFO - Initialized entropy estimator (threshold: 0.8)
2026-02-10 15:16:56,509 - privacy_amplification - INFO - Initialized privacy amplifier (security: 256 bits)
2026-02-10 15:16:56,509 - hkdf_combiner - INFO - Initialized HKDF combiner with sha256
2026-02-10 15:16:56,509 - cukem - INFO - Initialized CuKEM in hybrid mode
2026-02-10 15:16:56,511 - transitions.core - INFO - Finished processing state initializing exit callbacks.
2026-02-10 15:16:56,511 - transitions.core - INFO - Finished processing state hybrid_active enter callbacks.
2026-02-10 15:16:56,511 - adaptive_controller - INFO - State changed to: hybrid_active
2026-02-10 15:16:56,511 - transitions.core - INFO - Executed callback '_on_state_change'
2026-02-10 15:16:56,512 - __main__ - INFO - Performing key exchange...
2026-02-10 15:16:56,512 - pqc_kem - INFO - Generated Kyber768 keypair
2026-02-10 15:16:56,512 - cukem - INFO - === CuKEM Key Exchange: INITIATOR ===
2026-02-10 15:16:56,512 - cukem - INFO - Performing PQC encapsulation
2026-02-10 15:16:56,512 - pqc_kem - INFO - Encapsulation successful, fingerprint: d24203d7c413d6c9
2026-02-10 15:16:56,512 - cukem - INFO - Performing CHSH entanglement verification
2026-02-10 15:16:56,512 - chsh_bell_test - INFO - Starting CHSH Bell test
2026-02-10 15:16:56,588 - chsh_bell_test - WARNING - CHSH test inconclusive: S = 0.0029
2026-02-10 15:16:56,588 - cukem - WARNING - CHSH verification failed - quantum channel may be compromised
2026-02-10 15:16:56,588 - cukem - INFO - Executing BB84 protocol
2026-02-10 15:16:56,590 - bb84_simulator - INFO - Starting BB84 protocol with 256 qubits, noise=0.0
2026-02-10 15:16:56,795 - bb84_simulator - INFO - QBER: 0.0000 (0/24 errors)
2026-02-10 15:16:56,795 - bb84_simulator - INFO - BB84 protocol completed successfully: 15 bytes, QBER=0.0000
2026-02-10 15:16:56,795 - cukem - INFO - Validating quantum key entropy
2026-02-10 15:16:56,795 - cukem - WARNING - Insufficient entropy: 0.0000
2026-02-10 15:16:56,795 - cukem - INFO - Applying privacy amplification
2026-02-10 15:16:56,795 - privacy_amplification - WARNING - Insufficient entropy for privacy amplification
2026-02-10 15:16:56,795 - cukem - ERROR - Privacy amplification failed: Insufficient entropy for secure amplification
2026-02-10 15:16:56,795 - cukem - WARNING - Quantum channel establishment failed
2026-02-10 15:16:56,795 - cukem - WARNING - Falling back to PQC-only mode
2026-02-10 15:16:56,795 - cukem - INFO - === Key Exchange Complete: 32 bytes ===
2026-02-10 15:16:56,795 - adaptive_controller - WARNING - Low entropy: 0.0000
2026-02-10 15:16:56,795 - adaptive_controller - WARNING - Falling back to PQC-only: Low entropy
2026-02-10 15:16:56,795 - transitions.core - INFO - Finished processing state hybrid_active exit callbacks.
2026-02-10 15:16:56,795 - transitions.core - INFO - Finished processing state pqc_only enter callbacks.
2026-02-10 15:16:56,795 - adaptive_controller - INFO - State changed to: pqc_only
2026-02-10 15:16:56,795 - transitions.core - INFO - Executed callback '_on_state_change'
2026-02-10 15:16:56,806 - __main__ - INFO -   Health status: healthy
2026-02-10 15:16:56,806 - __main__ - INFO -   Total exchanges: 1
2026-02-10 15:16:56,807 - __main__ - INFO -   PQC success rate: 100.00%
2026-02-10 15:16:56,807 - circuit_breaker - INFO - Initialized circuit breaker: demo_breaker
2026-02-10 15:16:56,807 - __main__ - INFO - Initialized circuit breaker
2026-02-10 15:16:56,821 - __main__ - ERROR - Demo 6 failed: 'state'
2026-02-10 15:16:56,822 - __main__ - INFO - 
======================================================================
2026-02-10 15:16:56,822 - __main__ - INFO - DEMO COMPLETE: 4/6 tests passed (66.7%)
2026-02-10 15:16:56,822 - __main__ - INFO - ======================================================================
2026-02-10 15:22:34,787 - utils - INFO - Logging initialized at INFO level
2026-02-10 15:22:34,787 - __main__ - INFO - Starting CuKEM demonstration suite
2026-02-10 15:22:34,787 - pqc_kem - INFO - Initialized Kyber768 KEM
2026-02-10 15:22:34,787 - __main__ - INFO - Initialized ML-KEM-768
2026-02-10 15:22:34,790 - pqc_kem - INFO - Generated Kyber768 keypair
2026-02-10 15:22:34,790 - __main__ - INFO - Generated responder keypair
2026-02-10 15:22:34,790 - __main__ - INFO -   Public key size: 1184 bytes
2026-02-10 15:22:34,790 - __main__ - INFO -   Secret key size: 2400 bytes
2026-02-10 15:22:34,790 - pqc_kem - INFO - Encapsulation successful, fingerprint: ef55f4d8f0bf159c
2026-02-10 15:22:34,791 - __main__ - INFO - ✓ Encapsulation successful
2026-02-10 15:22:34,791 - __main__ - INFO -   Ciphertext size: 1088 bytes
2026-02-10 15:22:34,791 - __main__ - INFO -   Shared secret size: 32 bytes
2026-02-10 15:22:34,791 - __main__ - INFO -   Fingerprint: ef55f4d8f0bf159c
2026-02-10 15:22:34,791 - pqc_kem - INFO - Decapsulation successful, fingerprint: ef55f4d8f0bf159c
2026-02-10 15:22:34,791 - __main__ - INFO - ✓ Decapsulation successful
2026-02-10 15:22:34,791 - __main__ - INFO - ✓ Shared secrets match!
2026-02-10 15:22:34,791 - bb84_simulator - INFO - Initialized BB84 simulator with 256 qubits
2026-02-10 15:22:34,791 - __main__ - INFO - Initialized BB84 simulator with 256 qubits
2026-02-10 15:22:34,791 - __main__ - INFO - Executing BB84 protocol (no noise)...
2026-02-10 15:22:34,791 - bb84_simulator - INFO - Starting BB84 protocol with 256 qubits, noise=0.0
2026-02-10 15:22:34,958 - bb84_simulator - INFO - QBER: 0.0000 (0/23 errors)
2026-02-10 15:22:34,958 - bb84_simulator - INFO - BB84 protocol completed successfully: 14 bytes, QBER=0.0000
2026-02-10 15:22:34,958 - __main__ - INFO - ✓ BB84 protocol successful
2026-02-10 15:22:34,958 - __main__ - INFO -   Generated key: 14 bytes
2026-02-10 15:22:34,958 - __main__ - INFO -   Sifted key length: 117 qubits
2026-02-10 15:22:34,958 - __main__ - INFO -   QBER: 0.0000
2026-02-10 15:22:34,958 - __main__ - INFO -   Sifting efficiency: 45.70%
2026-02-10 15:22:34,958 - entropy_estimator - INFO - Initialized entropy estimator (threshold: 0.8)
2026-02-10 15:22:34,958 - __main__ - INFO - Initialized entropy estimator
2026-02-10 15:22:34,958 - bb84_simulator - INFO - Initialized BB84 simulator with 256 qubits
2026-02-10 15:22:34,958 - bb84_simulator - INFO - Starting BB84 protocol with 256 qubits, noise=0.0
2026-02-10 15:22:35,107 - bb84_simulator - INFO - QBER: 0.0000 (0/26 errors)
2026-02-10 15:22:35,123 - bb84_simulator - INFO - BB84 protocol completed successfully: 16 bytes, QBER=0.0000
2026-02-10 15:22:35,123 - __main__ - INFO - Analyzing entropy of 16 bytes...
2026-02-10 15:22:35,123 - __main__ - ERROR - ✗ Entropy estimation failed: Insufficient data: need at least 125 bytes
2026-02-10 15:22:35,123 - pqc_kem - INFO - Initialized Kyber768 KEM
2026-02-10 15:22:35,123 - bb84_simulator - INFO - Initialized BB84 simulator with 256 qubits
2026-02-10 15:22:35,123 - chsh_bell_test - INFO - Initialized CHSH Bell test with 8192 shots
2026-02-10 15:22:35,123 - entropy_estimator - INFO - Initialized entropy estimator (threshold: 0.8)
2026-02-10 15:22:35,123 - privacy_amplification - INFO - Initialized privacy amplifier (security: 256 bits)
2026-02-10 15:22:35,123 - hkdf_combiner - INFO - Initialized HKDF combiner with sha256
2026-02-10 15:22:35,123 - cukem - INFO - Initialized CuKEM in hybrid mode
2026-02-10 15:22:35,123 - __main__ - INFO - Initialized CuKEM in HYBRID mode
2026-02-10 15:22:35,123 - pqc_kem - INFO - Generated Kyber768 keypair
2026-02-10 15:22:35,123 - __main__ - INFO - Responder generated keypair
2026-02-10 15:22:35,123 - __main__ - INFO - Initiator performing key exchange...
2026-02-10 15:22:35,123 - cukem - INFO - === CuKEM Key Exchange: INITIATOR ===
2026-02-10 15:22:35,123 - cukem - INFO - Performing PQC encapsulation
2026-02-10 15:22:35,123 - pqc_kem - INFO - Encapsulation successful, fingerprint: 6a4486a8a2f2245f
2026-02-10 15:22:35,123 - cukem - INFO - Executing BB84 protocol
2026-02-10 15:22:35,123 - bb84_simulator - INFO - Starting BB84 protocol with 256 qubits, noise=0.0
2026-02-10 15:22:35,277 - bb84_simulator - INFO - QBER: 0.0000 (0/26 errors)
2026-02-10 15:22:35,277 - bb84_simulator - INFO - BB84 protocol completed successfully: 16 bytes, QBER=0.0000
2026-02-10 15:22:35,277 - cukem - INFO - Validating quantum key entropy
2026-02-10 15:22:35,277 - cukem - WARNING - Insufficient entropy: 0.0000
2026-02-10 15:22:35,277 - cukem - INFO - Applying privacy amplification
2026-02-10 15:22:35,277 - privacy_amplification - WARNING - Insufficient entropy for privacy amplification
2026-02-10 15:22:35,277 - cukem - ERROR - Privacy amplification failed: Insufficient entropy for secure amplification
2026-02-10 15:22:35,277 - cukem - WARNING - Quantum channel establishment failed
2026-02-10 15:22:35,277 - cukem - WARNING - Falling back to PQC-only mode
2026-02-10 15:22:35,277 - cukem - INFO - === Key Exchange Complete: 32 bytes ===
2026-02-10 15:22:35,277 - __main__ - INFO - ✓ Key exchange successful!
2026-02-10 15:22:35,277 - __main__ - INFO -   Mode: hybrid
2026-02-10 15:22:35,277 - __main__ - INFO -   Key length: 32 bytes
2026-02-10 15:22:35,277 - __main__ - INFO -   Fallback used: True
2026-02-10 15:22:35,277 - __main__ - WARNING -   Warnings: ['QKD failed - using PQC only']
2026-02-10 15:22:35,277 - adaptive_controller - INFO - Initialized adaptive controller
2026-02-10 15:22:35,277 - __main__ - INFO - Initialized adaptive controller
2026-02-10 15:22:35,277 - __main__ - INFO - Initializing CuKEM system...
2026-02-10 15:22:35,277 - transitions.core - INFO - Finished processing state idle exit callbacks.
2026-02-10 15:22:35,277 - transitions.core - INFO - Finished processing state initializing enter callbacks.
2026-02-10 15:22:35,277 - adaptive_controller - INFO - State changed to: initializing
2026-02-10 15:22:35,277 - transitions.core - INFO - Executed callback '_on_state_change'
2026-02-10 15:22:35,277 - adaptive_controller - INFO - Initializing CuKEM system
2026-02-10 15:22:35,277 - pqc_kem - INFO - Initialized Kyber768 KEM
2026-02-10 15:22:35,277 - bb84_simulator - INFO - Initialized BB84 simulator with 256 qubits
2026-02-10 15:22:35,277 - chsh_bell_test - INFO - Initialized CHSH Bell test with 8192 shots
2026-02-10 15:22:35,277 - entropy_estimator - INFO - Initialized entropy estimator (threshold: 0.8)
2026-02-10 15:22:35,277 - privacy_amplification - INFO - Initialized privacy amplifier (security: 256 bits)
2026-02-10 15:22:35,277 - hkdf_combiner - INFO - Initialized HKDF combiner with sha256
2026-02-10 15:22:35,277 - cukem - INFO - Initialized CuKEM in hybrid mode
2026-02-10 15:22:35,277 - adaptive_controller - INFO - Event: initialization - idle → initializing: System startup
2026-02-10 15:22:35,277 - transitions.core - INFO - Finished processing state initializing exit callbacks.
2026-02-10 15:22:35,277 - transitions.core - INFO - Finished processing state hybrid_active enter callbacks.
2026-02-10 15:22:35,277 - adaptive_controller - INFO - State changed to: hybrid_active
2026-02-10 15:22:35,277 - transitions.core - INFO - Executed callback '_on_state_change'
2026-02-10 15:22:35,277 - __main__ - INFO - ✓ System initialized
2026-02-10 15:22:35,277 - __main__ - INFO - Performing key exchange...
2026-02-10 15:22:35,277 - pqc_kem - INFO - Generated Kyber768 keypair
2026-02-10 15:22:35,277 - cukem - INFO - === CuKEM Key Exchange: INITIATOR ===
2026-02-10 15:22:35,277 - cukem - INFO - Performing PQC encapsulation
2026-02-10 15:22:35,277 - pqc_kem - INFO - Encapsulation successful, fingerprint: d3e648820705c3bd
2026-02-10 15:22:35,277 - cukem - INFO - Performing CHSH entanglement verification
2026-02-10 15:22:35,277 - chsh_bell_test - INFO - Starting CHSH Bell test
2026-02-10 15:22:35,362 - chsh_bell_test - WARNING - CHSH test inconclusive: S = 0.0007
2026-02-10 15:22:35,363 - cukem - WARNING - CHSH verification failed - quantum channel may be compromised
2026-02-10 15:22:35,363 - cukem - INFO - Executing BB84 protocol
2026-02-10 15:22:35,363 - bb84_simulator - INFO - Starting BB84 protocol with 256 qubits, noise=0.0
2026-02-10 15:22:35,527 - bb84_simulator - INFO - QBER: 0.0000 (0/26 errors)
2026-02-10 15:22:35,527 - bb84_simulator - INFO - BB84 protocol completed successfully: 16 bytes, QBER=0.0000
2026-02-10 15:22:35,527 - cukem - INFO - Validating quantum key entropy
2026-02-10 15:22:35,527 - cukem - WARNING - Insufficient entropy: 0.0000
2026-02-10 15:22:35,527 - cukem - INFO - Applying privacy amplification
2026-02-10 15:22:35,527 - privacy_amplification - WARNING - Insufficient entropy for privacy amplification
2026-02-10 15:22:35,527 - cukem - ERROR - Privacy amplification failed: Insufficient entropy for secure amplification
2026-02-10 15:22:35,527 - cukem - WARNING - Quantum channel establishment failed
2026-02-10 15:22:35,527 - cukem - WARNING - Falling back to PQC-only mode
2026-02-10 15:22:35,527 - cukem - INFO - === Key Exchange Complete: 32 bytes ===
2026-02-10 15:22:35,527 - adaptive_controller - WARNING - Low entropy: 0.0000
2026-02-10 15:22:35,527 - adaptive_controller - WARNING - Falling back to PQC-only: Low entropy
2026-02-10 15:22:35,527 - transitions.core - INFO - Finished processing state hybrid_active exit callbacks.
2026-02-10 15:22:35,527 - transitions.core - INFO - Finished processing state pqc_only enter callbacks.
2026-02-10 15:22:35,527 - adaptive_controller - INFO - State changed to: pqc_only
2026-02-10 15:22:35,527 - transitions.core - INFO - Executed callback '_on_state_change'
2026-02-10 15:22:35,527 - adaptive_controller - INFO - Event: fallback - hybrid_active → pqc_only: Low entropy
2026-02-10 15:22:35,527 - __main__ - INFO - ✓ Key exchange successful
2026-02-10 15:22:35,527 - __main__ - INFO -   Health status: healthy
2026-02-10 15:22:35,527 - __main__ - INFO -   Total exchanges: 1
2026-02-10 15:22:35,527 - __main__ - INFO -   PQC success rate: 100.00%
2026-02-10 15:22:35,527 - circuit_breaker - INFO - Initialized circuit breaker: demo_breaker
2026-02-10 15:22:35,527 - __main__ - INFO - Initialized circuit breaker
2026-02-10 15:22:35,527 - __main__ - WARNING -   Attempt 1: ✗ Simulated failure
2026-02-10 15:22:35,527 - __main__ - WARNING -   Attempt 2: ✗ Simulated failure
2026-02-10 15:22:35,527 - __main__ - INFO -   Attempt 3: ✓ Success on call 3
2026-02-10 15:22:35,527 - __main__ - INFO -   Attempt 4: ✓ Success on call 4
2026-02-10 15:22:35,527 - __main__ - INFO -   Attempt 5: ✓ Success on call 5
2026-02-10 15:22:35,527 - __main__ - INFO - ✓ Circuit breaker demo complete
2026-02-10 15:22:35,527 - __main__ - ERROR - Demo 6 failed: 'state'
2026-02-10 15:22:35,527 - __main__ - INFO - 
======================================================================
2026-02-10 15:22:35,527 - __main__ - INFO - DEMO COMPLETE: 4/6 tests passed (66.7%)
2026-02-10 15:22:35,527 - __main__ - INFO - ======================================================================
2026-02-10 15:23:34,427 - utils - INFO - Logging initialized at INFO level
2026-02-10 15:23:34,427 - __main__ - INFO - Starting CuKEM demonstration suite
2026-02-10 15:23:34,437 - pqc_kem - INFO - Initialized Kyber768 KEM
2026-02-10 15:23:34,437 - __main__ - INFO - Initialized ML-KEM-768
2026-02-10 15:23:34,437 - pqc_kem - INFO - Generated Kyber768 keypair
2026-02-10 15:23:34,437 - __main__ - INFO - Generated responder keypair
2026-02-10 15:23:34,437 - __main__ - INFO -   Public key size: 1184 bytes
2026-02-10 15:23:34,437 - __main__ - INFO -   Secret key size: 2400 bytes
2026-02-10 15:23:34,437 - pqc_kem - INFO - Encapsulation successful, fingerprint: 63dfe915f9ecf056
2026-02-10 15:23:34,437 - __main__ - INFO - ✓ Encapsulation successful
2026-02-10 15:23:34,437 - __main__ - INFO -   Ciphertext size: 1088 bytes
2026-02-10 15:23:34,437 - __main__ - INFO -   Shared secret size: 32 bytes
2026-02-10 15:23:34,437 - __main__ - INFO -   Fingerprint: 63dfe915f9ecf056
2026-02-10 15:23:34,437 - pqc_kem - INFO - Decapsulation successful, fingerprint: 63dfe915f9ecf056
2026-02-10 15:23:34,437 - __main__ - INFO - ✓ Decapsulation successful
2026-02-10 15:23:34,437 - __main__ - INFO - ✓ Shared secrets match!
2026-02-10 15:23:34,437 - bb84_simulator - INFO - Initialized BB84 simulator with 256 qubits
2026-02-10 15:23:34,437 - __main__ - INFO - Initialized BB84 simulator with 256 qubits
2026-02-10 15:23:34,437 - __main__ - INFO - Executing BB84 protocol (no noise)...
2026-02-10 15:23:34,437 - bb84_simulator - INFO - Starting BB84 protocol with 256 qubits, noise=0.0
2026-02-10 15:23:34,629 - bb84_simulator - INFO - QBER: 0.0000 (0/25 errors)
2026-02-10 15:23:34,630 - bb84_simulator - INFO - BB84 protocol completed successfully: 15 bytes, QBER=0.0000
2026-02-10 15:23:34,630 - __main__ - INFO - ✓ BB84 protocol successful
2026-02-10 15:23:34,630 - __main__ - INFO -   Generated key: 15 bytes
2026-02-10 15:23:34,630 - __main__ - INFO -   Sifted key length: 127 qubits
2026-02-10 15:23:34,630 - __main__ - INFO -   QBER: 0.0000
2026-02-10 15:23:34,630 - __main__ - INFO -   Sifting efficiency: 49.61%
2026-02-10 15:23:34,630 - entropy_estimator - INFO - Initialized entropy estimator (threshold: 0.8)
2026-02-10 15:23:34,630 - __main__ - INFO - Initialized entropy estimator
2026-02-10 15:23:34,630 - bb84_simulator - INFO - Initialized BB84 simulator with 2048 qubits
2026-02-10 15:23:34,630 - bb84_simulator - INFO - Starting BB84 protocol with 2048 qubits, noise=0.0
2026-02-10 15:23:36,056 - bb84_simulator - INFO - QBER: 0.0000 (0/202 errors)
2026-02-10 15:23:36,056 - bb84_simulator - INFO - BB84 protocol completed successfully: 126 bytes, QBER=0.0000
2026-02-10 15:23:36,056 - __main__ - INFO - Analyzing entropy of 126 bytes...
2026-02-10 15:23:36,056 - entropy_estimator - INFO - Analyzing 1008 bits from 126 bytes
2026-02-10 15:23:36,058 - entropy_estimator - WARNING - Entropy insufficient: 0.0000 < 0.8000
2026-02-10 15:23:36,058 - __main__ - INFO - ✓ Entropy estimation complete
2026-02-10 15:23:36,058 - __main__ - INFO -   Min-entropy: 0.0000 bits/symbol
2026-02-10 15:23:36,058 - __main__ - INFO -   Shannon entropy: 1.0000
2026-02-10 15:23:36,058 - __main__ - INFO -   MCV estimate: 0.9971
2026-02-10 15:23:36,058 - __main__ - INFO -   Collision estimate: 0.0000
2026-02-10 15:23:36,058 - __main__ - INFO -   Sufficient: No
2026-02-10 15:23:36,058 - pqc_kem - INFO - Initialized Kyber768 KEM
2026-02-10 15:23:36,059 - bb84_simulator - INFO - Initialized BB84 simulator with 256 qubits
2026-02-10 15:23:36,059 - chsh_bell_test - INFO - Initialized CHSH Bell test with 8192 shots
2026-02-10 15:23:36,059 - entropy_estimator - INFO - Initialized entropy estimator (threshold: 0.8)
2026-02-10 15:23:36,059 - privacy_amplification - INFO - Initialized privacy amplifier (security: 256 bits)
2026-02-10 15:23:36,059 - hkdf_combiner - INFO - Initialized HKDF combiner with sha256
2026-02-10 15:23:36,059 - cukem - INFO - Initialized CuKEM in hybrid mode
2026-02-10 15:23:36,059 - __main__ - INFO - Initialized CuKEM in HYBRID mode
2026-02-10 15:23:36,060 - pqc_kem - INFO - Generated Kyber768 keypair
2026-02-10 15:23:36,060 - __main__ - INFO - Responder generated keypair
2026-02-10 15:23:36,060 - __main__ - INFO - Initiator performing key exchange...
2026-02-10 15:23:36,060 - cukem - INFO - === CuKEM Key Exchange: INITIATOR ===
2026-02-10 15:23:36,060 - cukem - INFO - Performing PQC encapsulation
2026-02-10 15:23:36,060 - pqc_kem - INFO - Encapsulation successful, fingerprint: 77fc9f51a0bcd9a3
2026-02-10 15:23:36,060 - cukem - INFO - Executing BB84 protocol
2026-02-10 15:23:36,060 - bb84_simulator - INFO - Starting BB84 protocol with 256 qubits, noise=0.0
2026-02-10 15:23:36,238 - bb84_simulator - INFO - QBER: 0.0000 (0/25 errors)
2026-02-10 15:23:36,238 - bb84_simulator - INFO - BB84 protocol completed successfully: 16 bytes, QBER=0.0000
2026-02-10 15:23:36,238 - cukem - INFO - Validating quantum key entropy
2026-02-10 15:23:36,238 - cukem - WARNING - Insufficient entropy: 0.0000
2026-02-10 15:23:36,238 - cukem - INFO - Applying privacy amplification
2026-02-10 15:23:36,238 - privacy_amplification - WARNING - Insufficient entropy for privacy amplification
2026-02-10 15:23:36,238 - cukem - ERROR - Privacy amplification failed: Insufficient entropy for secure amplification
2026-02-10 15:23:36,238 - cukem - WARNING - Quantum channel establishment failed
2026-02-10 15:23:36,238 - cukem - WARNING - Falling back to PQC-only mode
2026-02-10 15:23:36,238 - cukem - INFO - === Key Exchange Complete: 32 bytes ===
2026-02-10 15:23:36,238 - __main__ - INFO - ✓ Key exchange successful!
2026-02-10 15:23:36,238 - __main__ - INFO -   Mode: hybrid
2026-02-10 15:23:36,238 - __main__ - INFO -   Key length: 32 bytes
2026-02-10 15:23:36,238 - __main__ - INFO -   Fallback used: True
2026-02-10 15:23:36,238 - __main__ - WARNING -   Warnings: ['QKD failed - using PQC only']
2026-02-10 15:23:36,238 - adaptive_controller - INFO - Initialized adaptive controller
2026-02-10 15:23:36,238 - __main__ - INFO - Initialized adaptive controller
2026-02-10 15:23:36,238 - __main__ - INFO - Initializing CuKEM system...
2026-02-10 15:23:36,238 - transitions.core - INFO - Finished processing state idle exit callbacks.
2026-02-10 15:23:36,238 - transitions.core - INFO - Finished processing state initializing enter callbacks.
2026-02-10 15:23:36,238 - adaptive_controller - INFO - State changed to: initializing
2026-02-10 15:23:36,238 - transitions.core - INFO - Executed callback '_on_state_change'
2026-02-10 15:23:36,238 - adaptive_controller - INFO - Initializing CuKEM system
2026-02-10 15:23:36,238 - pqc_kem - INFO - Initialized Kyber768 KEM
2026-02-10 15:23:36,238 - bb84_simulator - INFO - Initialized BB84 simulator with 256 qubits
2026-02-10 15:23:36,238 - chsh_bell_test - INFO - Initialized CHSH Bell test with 8192 shots
2026-02-10 15:23:36,238 - entropy_estimator - INFO - Initialized entropy estimator (threshold: 0.8)
2026-02-10 15:23:36,238 - privacy_amplification - INFO - Initialized privacy amplifier (security: 256 bits)
2026-02-10 15:23:36,238 - hkdf_combiner - INFO - Initialized HKDF combiner with sha256
2026-02-10 15:23:36,238 - cukem - INFO - Initialized CuKEM in hybrid mode
2026-02-10 15:23:36,238 - adaptive_controller - INFO - Event: initialization - idle → initializing: System startup
2026-02-10 15:23:36,238 - transitions.core - INFO - Finished processing state initializing exit callbacks.
2026-02-10 15:23:36,238 - transitions.core - INFO - Finished processing state hybrid_active enter callbacks.
2026-02-10 15:23:36,238 - adaptive_controller - INFO - State changed to: hybrid_active
2026-02-10 15:23:36,238 - transitions.core - INFO - Executed callback '_on_state_change'
2026-02-10 15:23:36,238 - __main__ - INFO - ✓ System initialized
2026-02-10 15:23:36,238 - __main__ - INFO - Performing key exchange...
2026-02-10 15:23:36,238 - pqc_kem - INFO - Generated Kyber768 keypair
2026-02-10 15:23:36,238 - cukem - INFO - === CuKEM Key Exchange: INITIATOR ===
2026-02-10 15:23:36,238 - cukem - INFO - Performing PQC encapsulation
2026-02-10 15:23:36,238 - pqc_kem - INFO - Encapsulation successful, fingerprint: 3275d38f7b3d7d10
2026-02-10 15:23:36,238 - cukem - INFO - Performing CHSH entanglement verification
2026-02-10 15:23:36,238 - chsh_bell_test - INFO - Starting CHSH Bell test
2026-02-10 15:23:36,321 - chsh_bell_test - WARNING - CHSH test inconclusive: S = 0.0173
2026-02-10 15:23:36,321 - cukem - WARNING - CHSH verification failed - quantum channel may be compromised
2026-02-10 15:23:36,321 - cukem - INFO - Executing BB84 protocol
2026-02-10 15:23:36,321 - bb84_simulator - INFO - Starting BB84 protocol with 256 qubits, noise=0.0
2026-02-10 15:23:36,519 - bb84_simulator - INFO - QBER: 0.0000 (0/25 errors)
2026-02-10 15:23:36,519 - bb84_simulator - INFO - BB84 protocol completed successfully: 15 bytes, QBER=0.0000
2026-02-10 15:23:36,519 - cukem - INFO - Validating quantum key entropy
2026-02-10 15:23:36,519 - cukem - WARNING - Insufficient entropy: 0.0000
2026-02-10 15:23:36,519 - cukem - INFO - Applying privacy amplification
2026-02-10 15:23:36,519 - privacy_amplification - WARNING - Insufficient entropy for privacy amplification
2026-02-10 15:23:36,519 - cukem - ERROR - Privacy amplification failed: Insufficient entropy for secure amplification
2026-02-10 15:23:36,519 - cukem - WARNING - Quantum channel establishment failed
2026-02-10 15:23:36,520 - cukem - WARNING - Falling back to PQC-only mode
2026-02-10 15:23:36,520 - cukem - INFO - === Key Exchange Complete: 32 bytes ===
2026-02-10 15:23:36,520 - adaptive_controller - WARNING - Low entropy: 0.0000
2026-02-10 15:23:36,520 - adaptive_controller - WARNING - Falling back to PQC-only: Low entropy
2026-02-10 15:23:36,520 - transitions.core - INFO - Finished processing state hybrid_active exit callbacks.
2026-02-10 15:23:36,520 - transitions.core - INFO - Finished processing state pqc_only enter callbacks.
2026-02-10 15:23:36,520 - adaptive_controller - INFO - State changed to: pqc_only
2026-02-10 15:23:36,520 - transitions.core - INFO - Executed callback '_on_state_change'
2026-02-10 15:23:36,520 - adaptive_controller - INFO - Event: fallback - hybrid_active → pqc_only: Low entropy
2026-02-10 15:23:36,521 - __main__ - INFO - ✓ Key exchange successful
2026-02-10 15:23:36,521 - __main__ - INFO -   Health status: healthy
2026-02-10 15:23:36,521 - __main__ - INFO -   Total exchanges: 1
2026-02-10 15:23:36,521 - __main__ - INFO -   PQC success rate: 100.00%
2026-02-10 15:23:36,521 - circuit_breaker - INFO - Initialized circuit breaker: demo_breaker
2026-02-10 15:23:36,521 - __main__ - INFO - Initialized circuit breaker
2026-02-10 15:23:36,521 - __main__ - WARNING -   Attempt 1: ✗ Simulated failure
2026-02-10 15:23:36,521 - __main__ - WARNING -   Attempt 2: ✗ Simulated failure
2026-02-10 15:23:36,521 - __main__ - INFO -   Attempt 3: ✓ Success on call 3
2026-02-10 15:23:36,521 - __main__ - INFO -   Attempt 4: ✓ Success on call 4
2026-02-10 15:23:36,521 - __main__ - INFO -   Attempt 5: ✓ Success on call 5
2026-02-10 15:23:36,521 - __main__ - INFO - ✓ Circuit breaker demo complete
2026-02-10 15:23:36,521 - __main__ - INFO -   State: closed
2026-02-10 15:23:36,521 - __main__ - INFO -   Total calls: 5
2026-02-10 15:23:36,522 - __main__ - INFO - 
======================================================================
2026-02-10 15:23:36,522 - __main__ - INFO - DEMO COMPLETE: 5/6 tests passed (83.3%)
2026-02-10 15:23:36,522 - __main__ - INFO - ======================================================================
2026-02-10 15:26:47,551 - utils - INFO - Logging initialized at INFO level
2026-02-10 15:26:47,551 - __main__ - INFO - Starting CuKEM demonstration suite
2026-02-10 15:26:47,551 - pqc_kem - INFO - Initialized Kyber768 KEM
2026-02-10 15:26:47,551 - __main__ - INFO - Initialized ML-KEM-768
2026-02-10 15:26:47,551 - pqc_kem - INFO - Generated Kyber768 keypair
2026-02-10 15:26:47,551 - __main__ - INFO - Generated responder keypair
2026-02-10 15:26:47,551 - __main__ - INFO -   Public key size: 1184 bytes
2026-02-10 15:26:47,551 - __main__ - INFO -   Secret key size: 2400 bytes
2026-02-10 15:26:47,551 - pqc_kem - INFO - Encapsulation successful, fingerprint: e3d48647ff6e6014
2026-02-10 15:26:47,557 - __main__ - INFO - ✓ Encapsulation successful
2026-02-10 15:26:47,557 - __main__ - INFO -   Ciphertext size: 1088 bytes
2026-02-10 15:26:47,557 - __main__ - INFO -   Shared secret size: 32 bytes
2026-02-10 15:26:47,557 - __main__ - INFO -   Fingerprint: e3d48647ff6e6014
2026-02-10 15:26:47,557 - pqc_kem - INFO - Decapsulation successful, fingerprint: e3d48647ff6e6014
2026-02-10 15:26:47,557 - __main__ - INFO - ✓ Decapsulation successful
2026-02-10 15:26:47,557 - __main__ - INFO - ✓ Shared secrets match!
2026-02-10 15:26:47,557 - bb84_simulator - INFO - Initialized BB84 simulator with 256 qubits
2026-02-10 15:26:47,557 - __main__ - INFO - Initialized BB84 simulator with 256 qubits
2026-02-10 15:26:47,557 - __main__ - INFO - Executing BB84 protocol (no noise)...
2026-02-10 15:26:47,557 - bb84_simulator - INFO - Starting BB84 protocol with 256 qubits, noise=0.0
2026-02-10 15:26:47,753 - bb84_simulator - INFO - QBER: 0.0000 (0/27 errors)
2026-02-10 15:26:47,753 - bb84_simulator - INFO - BB84 protocol completed successfully: 17 bytes, QBER=0.0000
2026-02-10 15:26:47,753 - __main__ - INFO - ✓ BB84 protocol successful
2026-02-10 15:26:47,753 - __main__ - INFO -   Generated key: 17 bytes
2026-02-10 15:26:47,753 - __main__ - INFO -   Sifted key length: 136 qubits
2026-02-10 15:26:47,753 - __main__ - INFO -   QBER: 0.0000
2026-02-10 15:26:47,753 - __main__ - INFO -   Sifting efficiency: 53.12%
2026-02-10 15:26:47,753 - entropy_estimator - INFO - Initialized entropy estimator (threshold: 0.8)
2026-02-10 15:26:47,753 - __main__ - INFO - Initialized entropy estimator
2026-02-10 15:26:47,753 - bb84_simulator - INFO - Initialized BB84 simulator with 2048 qubits
2026-02-10 15:26:47,753 - bb84_simulator - INFO - Starting BB84 protocol with 2048 qubits, noise=0.0
2026-02-10 15:26:49,371 - bb84_simulator - INFO - QBER: 0.0000 (0/214 errors)
2026-02-10 15:26:49,372 - bb84_simulator - INFO - BB84 protocol completed successfully: 133 bytes, QBER=0.0000
2026-02-10 15:26:49,372 - __main__ - INFO - Analyzing entropy of 133 bytes...
2026-02-10 15:26:49,372 - entropy_estimator - INFO - Analyzing 1064 bits from 133 bytes
2026-02-10 15:26:49,373 - entropy_estimator - INFO - Entropy sufficient: 0.9731 >= 0.8000
2026-02-10 15:26:49,373 - __main__ - INFO - ✓ Entropy estimation complete
2026-02-10 15:26:49,373 - __main__ - INFO -   Min-entropy: 0.9731 bits/symbol
2026-02-10 15:26:49,373 - __main__ - INFO -   Shannon entropy: 0.9997
2026-02-10 15:26:49,373 - __main__ - INFO -   MCV estimate: 0.9731
2026-02-10 15:26:49,373 - __main__ - INFO -   Collision estimate: 0.9995
2026-02-10 15:26:49,374 - __main__ - INFO -   Sufficient: Yes
2026-02-10 15:26:49,374 - pqc_kem - INFO - Initialized Kyber768 KEM
2026-02-10 15:26:49,374 - bb84_simulator - INFO - Initialized BB84 simulator with 256 qubits
2026-02-10 15:26:49,374 - chsh_bell_test - INFO - Initialized CHSH Bell test with 8192 shots
2026-02-10 15:26:49,374 - entropy_estimator - INFO - Initialized entropy estimator (threshold: 0.8)
2026-02-10 15:26:49,374 - privacy_amplification - INFO - Initialized privacy amplifier (security: 256 bits)
2026-02-10 15:26:49,374 - hkdf_combiner - INFO - Initialized HKDF combiner with sha256
2026-02-10 15:26:49,374 - cukem - INFO - Initialized CuKEM in hybrid mode
2026-02-10 15:26:49,374 - __main__ - INFO - Initialized CuKEM in HYBRID mode
2026-02-10 15:26:49,375 - pqc_kem - INFO - Generated Kyber768 keypair
2026-02-10 15:26:49,375 - __main__ - INFO - Responder generated keypair
2026-02-10 15:26:49,375 - __main__ - INFO - Initiator performing key exchange...
2026-02-10 15:26:49,375 - cukem - INFO - === CuKEM Key Exchange: INITIATOR ===
2026-02-10 15:26:49,375 - cukem - INFO - Performing PQC encapsulation
2026-02-10 15:26:49,375 - pqc_kem - INFO - Encapsulation successful, fingerprint: 18ecff4b3203fa27
2026-02-10 15:26:49,376 - cukem - INFO - Executing BB84 protocol
2026-02-10 15:26:49,376 - bb84_simulator - INFO - Starting BB84 protocol with 256 qubits, noise=0.0
2026-02-10 15:26:49,569 - bb84_simulator - INFO - QBER: 0.0000 (0/25 errors)
2026-02-10 15:26:49,569 - bb84_simulator - INFO - BB84 protocol completed successfully: 15 bytes, QBER=0.0000
2026-02-10 15:26:49,569 - cukem - INFO - Validating quantum key entropy
2026-02-10 15:26:49,569 - cukem - WARNING - Insufficient entropy: 0.0000
2026-02-10 15:26:49,569 - cukem - INFO - Applying privacy amplification
2026-02-10 15:26:49,569 - privacy_amplification - WARNING - Insufficient entropy for privacy amplification
2026-02-10 15:26:49,569 - cukem - ERROR - Privacy amplification failed: Insufficient entropy for secure amplification
2026-02-10 15:26:49,569 - cukem - WARNING - Quantum channel establishment failed
2026-02-10 15:26:49,569 - cukem - WARNING - Falling back to PQC-only mode
2026-02-10 15:26:49,569 - cukem - INFO - === Key Exchange Complete: 32 bytes ===
2026-02-10 15:26:49,569 - __main__ - INFO - ✓ Key exchange successful!
2026-02-10 15:26:49,569 - __main__ - INFO -   Mode: hybrid
2026-02-10 15:26:49,569 - __main__ - INFO -   Key length: 32 bytes
2026-02-10 15:26:49,569 - __main__ - INFO -   Fallback used: True
2026-02-10 15:26:49,569 - __main__ - WARNING -   Warnings: ['QKD failed - using PQC only']
2026-02-10 15:26:49,569 - adaptive_controller - INFO - Initialized adaptive controller
2026-02-10 15:26:49,569 - __main__ - INFO - Initialized adaptive controller
2026-02-10 15:26:49,569 - __main__ - INFO - Initializing CuKEM system...
2026-02-10 15:26:49,584 - transitions.core - INFO - Finished processing state idle exit callbacks.
2026-02-10 15:26:49,584 - transitions.core - INFO - Finished processing state initializing enter callbacks.
2026-02-10 15:26:49,584 - adaptive_controller - INFO - State changed to: initializing
2026-02-10 15:26:49,584 - transitions.core - INFO - Executed callback '_on_state_change'
2026-02-10 15:26:49,584 - adaptive_controller - INFO - Initializing CuKEM system
2026-02-10 15:26:49,584 - pqc_kem - INFO - Initialized Kyber768 KEM
2026-02-10 15:26:49,584 - bb84_simulator - INFO - Initialized BB84 simulator with 256 qubits
2026-02-10 15:26:49,584 - chsh_bell_test - INFO - Initialized CHSH Bell test with 8192 shots
2026-02-10 15:26:49,584 - entropy_estimator - INFO - Initialized entropy estimator (threshold: 0.8)
2026-02-10 15:26:49,584 - privacy_amplification - INFO - Initialized privacy amplifier (security: 256 bits)
2026-02-10 15:26:49,584 - hkdf_combiner - INFO - Initialized HKDF combiner with sha256
2026-02-10 15:26:49,584 - cukem - INFO - Initialized CuKEM in hybrid mode
2026-02-10 15:26:49,584 - adaptive_controller - INFO - Event: initialization - idle → initializing: System startup
2026-02-10 15:26:49,584 - transitions.core - INFO - Finished processing state initializing exit callbacks.
2026-02-10 15:26:49,584 - transitions.core - INFO - Finished processing state hybrid_active enter callbacks.
2026-02-10 15:26:49,584 - adaptive_controller - INFO - State changed to: hybrid_active
2026-02-10 15:26:49,584 - transitions.core - INFO - Executed callback '_on_state_change'
2026-02-10 15:26:49,584 - __main__ - INFO - ✓ System initialized
2026-02-10 15:26:49,584 - __main__ - INFO - Performing key exchange...
2026-02-10 15:26:49,584 - pqc_kem - INFO - Generated Kyber768 keypair
2026-02-10 15:26:49,584 - cukem - INFO - === CuKEM Key Exchange: INITIATOR ===
2026-02-10 15:26:49,584 - cukem - INFO - Performing PQC encapsulation
2026-02-10 15:26:49,584 - pqc_kem - INFO - Encapsulation successful, fingerprint: 41c54ac090741946
2026-02-10 15:26:49,584 - cukem - INFO - Performing CHSH entanglement verification
2026-02-10 15:26:49,584 - chsh_bell_test - INFO - Starting CHSH Bell test
2026-02-10 15:26:49,662 - chsh_bell_test - WARNING - CHSH test inconclusive: S = -0.0422
2026-02-10 15:26:49,662 - cukem - WARNING - CHSH verification failed - quantum channel may be compromised
2026-02-10 15:26:49,662 - cukem - INFO - Executing BB84 protocol
2026-02-10 15:26:49,662 - bb84_simulator - INFO - Starting BB84 protocol with 256 qubits, noise=0.0
2026-02-10 15:26:49,836 - bb84_simulator - INFO - QBER: 0.0000 (0/24 errors)
2026-02-10 15:26:49,836 - bb84_simulator - INFO - BB84 protocol completed successfully: 15 bytes, QBER=0.0000
2026-02-10 15:26:49,836 - cukem - INFO - Validating quantum key entropy
2026-02-10 15:26:49,836 - cukem - WARNING - Insufficient entropy: 0.0000
2026-02-10 15:26:49,836 - cukem - INFO - Applying privacy amplification
2026-02-10 15:26:49,836 - privacy_amplification - WARNING - Insufficient entropy for privacy amplification
2026-02-10 15:26:49,836 - cukem - ERROR - Privacy amplification failed: Insufficient entropy for secure amplification
2026-02-10 15:26:49,836 - cukem - WARNING - Quantum channel establishment failed
2026-02-10 15:26:49,836 - cukem - WARNING - Falling back to PQC-only mode
2026-02-10 15:26:49,836 - cukem - INFO - === Key Exchange Complete: 32 bytes ===
2026-02-10 15:26:49,836 - adaptive_controller - WARNING - Low entropy: 0.0000
2026-02-10 15:26:49,836 - adaptive_controller - WARNING - Falling back to PQC-only: Low entropy
2026-02-10 15:26:49,836 - transitions.core - INFO - Finished processing state hybrid_active exit callbacks.
2026-02-10 15:26:49,836 - transitions.core - INFO - Finished processing state pqc_only enter callbacks.
2026-02-10 15:26:49,836 - adaptive_controller - INFO - State changed to: pqc_only
2026-02-10 15:26:49,836 - transitions.core - INFO - Executed callback '_on_state_change'
2026-02-10 15:26:49,836 - adaptive_controller - INFO - Event: fallback - hybrid_active → pqc_only: Low entropy
2026-02-10 15:26:49,836 - __main__ - INFO - ✓ Key exchange successful
2026-02-10 15:26:49,836 - __main__ - INFO -   Health status: healthy
2026-02-10 15:26:49,836 - __main__ - INFO -   Total exchanges: 1
2026-02-10 15:26:49,836 - __main__ - INFO -   PQC success rate: 100.00%
2026-02-10 15:26:49,836 - circuit_breaker - INFO - Initialized circuit breaker: demo_breaker
2026-02-10 15:26:49,836 - __main__ - INFO - Initialized circuit breaker
2026-02-10 15:26:49,836 - __main__ - WARNING -   Attempt 1: ✗ Simulated failure
2026-02-10 15:26:49,836 - __main__ - WARNING -   Attempt 2: ✗ Simulated failure
2026-02-10 15:26:49,836 - __main__ - INFO -   Attempt 3: ✓ Success on call 3
2026-02-10 15:26:49,836 - __main__ - INFO -   Attempt 4: ✓ Success on call 4
2026-02-10 15:26:49,836 - __main__ - INFO -   Attempt 5: ✓ Success on call 5
2026-02-10 15:26:49,836 - __main__ - INFO - ✓ Circuit breaker demo complete
2026-02-10 15:26:49,836 - __main__ - INFO -   State: closed
2026-02-10 15:26:49,836 - __main__ - INFO -   Total calls: 5
2026-02-10 15:26:49,836 - __main__ - INFO - 
======================================================================
2026-02-10 15:26:49,836 - __main__ - INFO - DEMO COMPLETE: 6/6 tests passed (100.0%)
2026-02-10 15:26:49,836 - __main__ - INFO - ======================================================================
2026-02-10 15:27:30,556 - utils - INFO - Logging initialized at INFO level
2026-02-10 15:27:30,556 - __main__ - INFO - Starting CuKEM demonstration suite
2026-02-10 15:27:30,556 - pqc_kem - INFO - Initialized Kyber768 KEM
2026-02-10 15:27:30,556 - __main__ - INFO - Initialized ML-KEM-768
2026-02-10 15:27:30,565 - pqc_kem - INFO - Generated Kyber768 keypair
2026-02-10 15:27:30,565 - __main__ - INFO - Generated responder keypair
2026-02-10 15:27:30,565 - __main__ - INFO -   Public key size: 1184 bytes
2026-02-10 15:27:30,565 - __main__ - INFO -   Secret key size: 2400 bytes
2026-02-10 15:27:30,566 - pqc_kem - INFO - Encapsulation successful, fingerprint: 3b09d4173362c888
2026-02-10 15:27:30,569 - __main__ - INFO -   Ciphertext size: 1088 bytes
2026-02-10 15:27:30,569 - __main__ - INFO -   Shared secret size: 32 bytes
2026-02-10 15:27:30,569 - __main__ - INFO -   Fingerprint: 3b09d4173362c888
2026-02-10 15:27:30,570 - pqc_kem - INFO - Decapsulation successful, fingerprint: 3b09d4173362c888
2026-02-10 15:27:30,574 - bb84_simulator - INFO - Initialized BB84 simulator with 256 qubits
2026-02-10 15:27:30,574 - __main__ - INFO - Initialized BB84 simulator with 256 qubits
2026-02-10 15:27:30,574 - __main__ - INFO - Executing BB84 protocol (no noise)...
2026-02-10 15:27:30,574 - bb84_simulator - INFO - Starting BB84 protocol with 256 qubits, noise=0.0
2026-02-10 15:27:30,739 - bb84_simulator - INFO - QBER: 0.0000 (0/24 errors)
2026-02-10 15:27:30,739 - bb84_simulator - INFO - BB84 protocol completed successfully: 15 bytes, QBER=0.0000
2026-02-10 15:27:30,741 - __main__ - INFO -   Generated key: 15 bytes
2026-02-10 15:27:30,741 - __main__ - INFO -   Sifted key length: 121 qubits
2026-02-10 15:27:30,741 - __main__ - INFO -   QBER: 0.0000
2026-02-10 15:27:30,741 - __main__ - INFO -   Sifting efficiency: 47.27%
2026-02-10 15:27:30,741 - entropy_estimator - INFO - Initialized entropy estimator (threshold: 0.8)
2026-02-10 15:27:30,741 - __main__ - INFO - Initialized entropy estimator
2026-02-10 15:27:30,741 - bb84_simulator - INFO - Initialized BB84 simulator with 2048 qubits
2026-02-10 15:27:30,741 - bb84_simulator - INFO - Starting BB84 protocol with 2048 qubits, noise=0.0
2026-02-10 15:27:31,976 - bb84_simulator - INFO - QBER: 0.0000 (0/194 errors)
2026-02-10 15:27:31,976 - bb84_simulator - INFO - BB84 protocol completed successfully: 121 bytes, QBER=0.0000
2026-02-10 15:27:31,977 - __main__ - INFO - Analyzing entropy of 121 bytes...
2026-02-10 15:27:31,979 - pqc_kem - INFO - Initialized Kyber768 KEM
2026-02-10 15:27:31,979 - bb84_simulator - INFO - Initialized BB84 simulator with 256 qubits
2026-02-10 15:27:31,979 - chsh_bell_test - INFO - Initialized CHSH Bell test with 8192 shots
2026-02-10 15:27:31,980 - entropy_estimator - INFO - Initialized entropy estimator (threshold: 0.8)
2026-02-10 15:27:31,980 - privacy_amplification - INFO - Initialized privacy amplifier (security: 256 bits)
2026-02-10 15:27:31,980 - hkdf_combiner - INFO - Initialized HKDF combiner with sha256
2026-02-10 15:27:31,980 - cukem - INFO - Initialized CuKEM in hybrid mode
2026-02-10 15:27:31,980 - __main__ - INFO - Initialized CuKEM in HYBRID mode
2026-02-10 15:27:31,981 - pqc_kem - INFO - Generated Kyber768 keypair
2026-02-10 15:27:31,982 - __main__ - INFO - Responder generated keypair
2026-02-10 15:27:31,982 - __main__ - INFO - Initiator performing key exchange...
2026-02-10 15:27:31,982 - cukem - INFO - === CuKEM Key Exchange: INITIATOR ===
2026-02-10 15:27:31,982 - cukem - INFO - Performing PQC encapsulation
2026-02-10 15:27:31,983 - pqc_kem - INFO - Encapsulation successful, fingerprint: b877ee03cc9adb6a
2026-02-10 15:27:31,983 - cukem - INFO - Executing BB84 protocol
2026-02-10 15:27:31,983 - bb84_simulator - INFO - Starting BB84 protocol with 256 qubits, noise=0.0
2026-02-10 15:27:32,152 - bb84_simulator - INFO - QBER: 0.0000 (0/26 errors)
2026-02-10 15:27:32,153 - bb84_simulator - INFO - BB84 protocol completed successfully: 16 bytes, QBER=0.0000
2026-02-10 15:27:32,153 - cukem - INFO - Validating quantum key entropy
2026-02-10 15:27:32,153 - cukem - WARNING - Insufficient entropy: 0.0000
2026-02-10 15:27:32,154 - cukem - INFO - Applying privacy amplification
2026-02-10 15:27:32,154 - privacy_amplification - WARNING - Insufficient entropy for privacy amplification
2026-02-10 15:27:32,154 - cukem - ERROR - Privacy amplification failed: Insufficient entropy for secure amplification
2026-02-10 15:27:32,154 - cukem - WARNING - Quantum channel establishment failed
2026-02-10 15:27:32,154 - cukem - WARNING - Falling back to PQC-only mode
2026-02-10 15:27:32,154 - cukem - INFO - === Key Exchange Complete: 32 bytes ===
2026-02-10 15:27:32,156 - __main__ - INFO -   Mode: hybrid
2026-02-10 15:27:32,156 - __main__ - INFO -   Key length: 32 bytes
2026-02-10 15:27:32,157 - __main__ - INFO -   Fallback used: True
2026-02-10 15:27:32,157 - __main__ - WARNING -   Warnings: ['QKD failed - using PQC only']
2026-02-10 15:27:32,158 - adaptive_controller - INFO - Initialized adaptive controller
2026-02-10 15:27:32,158 - __main__ - INFO - Initialized adaptive controller
2026-02-10 15:27:32,158 - __main__ - INFO - Initializing CuKEM system...
2026-02-10 15:27:32,159 - transitions.core - INFO - Finished processing state idle exit callbacks.
2026-02-10 15:27:32,159 - transitions.core - INFO - Finished processing state initializing enter callbacks.
2026-02-10 15:27:32,159 - adaptive_controller - INFO - State changed to: initializing
2026-02-10 15:27:32,159 - transitions.core - INFO - Executed callback '_on_state_change'
2026-02-10 15:27:32,159 - adaptive_controller - INFO - Initializing CuKEM system
2026-02-10 15:27:32,160 - pqc_kem - INFO - Initialized Kyber768 KEM
2026-02-10 15:27:32,160 - bb84_simulator - INFO - Initialized BB84 simulator with 256 qubits
2026-02-10 15:27:32,160 - chsh_bell_test - INFO - Initialized CHSH Bell test with 8192 shots
2026-02-10 15:27:32,161 - entropy_estimator - INFO - Initialized entropy estimator (threshold: 0.8)
2026-02-10 15:27:32,161 - privacy_amplification - INFO - Initialized privacy amplifier (security: 256 bits)
2026-02-10 15:27:32,161 - hkdf_combiner - INFO - Initialized HKDF combiner with sha256
2026-02-10 15:27:32,161 - cukem - INFO - Initialized CuKEM in hybrid mode
2026-02-10 15:27:32,163 - transitions.core - INFO - Finished processing state initializing exit callbacks.
2026-02-10 15:27:32,163 - transitions.core - INFO - Finished processing state hybrid_active enter callbacks.
2026-02-10 15:27:32,163 - adaptive_controller - INFO - State changed to: hybrid_active
2026-02-10 15:27:32,164 - transitions.core - INFO - Executed callback '_on_state_change'
2026-02-10 15:27:32,165 - __main__ - INFO - Performing key exchange...
2026-02-10 15:27:32,166 - pqc_kem - INFO - Generated Kyber768 keypair
2026-02-10 15:27:32,167 - cukem - INFO - === CuKEM Key Exchange: INITIATOR ===
2026-02-10 15:27:32,167 - cukem - INFO - Performing PQC encapsulation
2026-02-10 15:27:32,167 - pqc_kem - INFO - Encapsulation successful, fingerprint: 6e7849f93e90ef2f
2026-02-10 15:27:32,168 - cukem - INFO - Performing CHSH entanglement verification
2026-02-10 15:27:32,168 - chsh_bell_test - INFO - Starting CHSH Bell test
2026-02-10 15:27:32,244 - chsh_bell_test - WARNING - CHSH test inconclusive: S = -0.0203
2026-02-10 15:27:32,245 - cukem - WARNING - CHSH verification failed - quantum channel may be compromised
2026-02-10 15:27:32,245 - cukem - INFO - Executing BB84 protocol
2026-02-10 15:27:32,245 - bb84_simulator - INFO - Starting BB84 protocol with 256 qubits, noise=0.0
2026-02-10 15:27:32,395 - bb84_simulator - INFO - QBER: 0.0000 (0/24 errors)
2026-02-10 15:27:32,395 - bb84_simulator - INFO - BB84 protocol completed successfully: 15 bytes, QBER=0.0000
2026-02-10 15:27:32,395 - cukem - INFO - Validating quantum key entropy
2026-02-10 15:27:32,395 - cukem - WARNING - Insufficient entropy: 0.0000
2026-02-10 15:27:32,395 - cukem - INFO - Applying privacy amplification
2026-02-10 15:27:32,395 - privacy_amplification - WARNING - Insufficient entropy for privacy amplification
2026-02-10 15:27:32,395 - cukem - ERROR - Privacy amplification failed: Insufficient entropy for secure amplification
2026-02-10 15:27:32,395 - cukem - WARNING - Quantum channel establishment failed
2026-02-10 15:27:32,395 - cukem - WARNING - Falling back to PQC-only mode
2026-02-10 15:27:32,395 - cukem - INFO - === Key Exchange Complete: 32 bytes ===
2026-02-10 15:27:32,411 - adaptive_controller - WARNING - Low entropy: 0.0000
2026-02-10 15:27:32,411 - adaptive_controller - WARNING - Falling back to PQC-only: Low entropy
2026-02-10 15:27:32,411 - transitions.core - INFO - Finished processing state hybrid_active exit callbacks.
2026-02-10 15:27:32,411 - transitions.core - INFO - Finished processing state pqc_only enter callbacks.
2026-02-10 15:27:32,411 - adaptive_controller - INFO - State changed to: pqc_only
2026-02-10 15:27:32,411 - transitions.core - INFO - Executed callback '_on_state_change'
2026-02-10 15:27:32,415 - __main__ - INFO -   Health status: healthy
2026-02-10 15:27:32,415 - __main__ - INFO -   Total exchanges: 1
2026-02-10 15:27:32,416 - __main__ - INFO -   PQC success rate: 100.00%
2026-02-10 15:27:32,416 - circuit_breaker - INFO - Initialized circuit breaker: demo_breaker
2026-02-10 15:27:32,416 - __main__ - INFO - Initialized circuit breaker
2026-02-10 15:27:32,426 - __main__ - INFO -   State: closed
2026-02-10 15:27:32,426 - __main__ - INFO -   Total calls: 5
2026-02-10 15:27:32,427 - __main__ - INFO - 
======================================================================
2026-02-10 15:27:32,427 - __main__ - INFO - DEMO COMPLETE: 5/6 tests passed (83.3%)
2026-02-10 15:27:32,427 - __main__ - INFO - ======================================================================
